{"C:\\Users\\Bella\\Desktop\\learn_PREN\\app.js":{"path":"C:\\Users\\Bella\\Desktop\\learn_PREN\\app.js","statementMap":{"0":{"start":{"line":3,"column":29},"end":{"line":3,"column":84}},"1":{"start":{"line":5,"column":15},"end":{"line":5,"column":57}},"2":{"start":{"line":7,"column":18},"end":{"line":7,"column":64}},"3":{"start":{"line":9,"column":14},"end":{"line":9,"column":55}},"4":{"start":{"line":11,"column":12},"end":{"line":11,"column":67}},"5":{"start":{"line":14,"column":11},"end":{"line":14,"column":15}},"6":{"start":{"line":15,"column":10},"end":{"line":15,"column":36}},"7":{"start":{"line":16,"column":0},"end":{"line":16,"column":40}},"8":{"start":{"line":17,"column":0},"end":{"line":17,"column":39}},"9":{"start":{"line":18,"column":0},"end":{"line":20,"column":4}},"10":{"start":{"line":21,"column":0},"end":{"line":21,"column":26}},"11":{"start":{"line":22,"column":0},"end":{"line":26,"column":3}},"12":{"start":{"line":23,"column":2},"end":{"line":25,"column":5}},"13":{"start":{"line":27,"column":0},"end":{"line":29,"column":3}},"14":{"start":{"line":28,"column":2},"end":{"line":28,"column":95}}},"fnMap":{"0":{"name":"(anonymous_0)","decl":{"start":{"line":22,"column":13},"end":{"line":22,"column":14}},"loc":{"start":{"line":22,"column":33},"end":{"line":26,"column":1}},"line":22},"1":{"name":"(anonymous_1)","decl":{"start":{"line":27,"column":17},"end":{"line":27,"column":18}},"loc":{"start":{"line":27,"column":29},"end":{"line":29,"column":1}},"line":27}},"branchMap":{},"s":{"0":1,"1":1,"2":1,"3":1,"4":1,"5":1,"6":1,"7":1,"8":1,"9":1,"10":1,"11":1,"12":0,"13":1,"14":0},"f":{"0":0,"1":0},"b":{},"inputSourceMap":{"version":3,"sources":["app.js"],"names":["port","app","use","bodyParser","json","urlencoded","extended","router","get","req","res","status","message","listen","console","log","process","env","NODE_ENV"],"mappings":";;;;AAAA;;AACA;;AACA;;AACA;;AACA;AAEA,IAAMA,IAAI,GAAG,IAAb;AAEA,IAAMC,GAAG,GAAG,0BAAZ;AAEAA,GAAG,CAACC,GAAJ,CAAQ,wBAAO,KAAP,CAAR;AAEAD,GAAG,CAACC,GAAJ,CAAQC,uBAAWC,IAAX,EAAR;AACAH,GAAG,CAACC,GAAJ,CAAQC,uBAAWE,UAAX,CAAsB;AAAEC,EAAAA,QAAQ,EAAE;AAAZ,CAAtB,CAAR;AACAL,GAAG,CAACC,GAAJ,CAAQK,gBAAR;AAEAN,GAAG,CAACO,GAAJ,CAAQ,GAAR,EAAa,UAACC,GAAD,EAAKC,GAAL,EAAa;AACrBA,EAAAA,GAAG,CAACC,MAAJ,CAAW,GAAX,EAAgBP,IAAhB,CAAqB;AACjBQ,IAAAA,OAAO;AADU,GAArB;AAGJ,CAJD;AAMAX,GAAG,CAACY,MAAJ,CAAWb,IAAX,EAAiB,YAAM;AACnBc,EAAAA,OAAO,CAACC,GAAR,sBAA0BC,OAAO,CAACC,GAAR,CAAYC,QAAtC,iCAAqElB,IAArE;AACH,CAFD","sourceRoot":"C:\\Users\\Bella\\Desktop\\learn_PREN","sourcesContent":["import express from \"express\";\r\nimport bodyParser from \"body-parser\";\r\nimport logger from \"morgan\";\r\nimport router from \"./server/routes/user\";\r\n// module.exports = app;\r\n\r\nconst port = 3000;\r\n\r\nconst app = express();\r\n\r\napp.use(logger('dev'));\r\n\r\napp.use(bodyParser.json());\r\napp.use(bodyParser.urlencoded({ extended: false }));\r\napp.use(router);\r\n\r\napp.get(\"*\", (req,res) => {\r\n     res.status(200).json({\r\n         message: `Welcome to learn PREN tuto`\r\n     });\r\n});\r\n\r\napp.listen(port, () => {\r\n    console.log(`The server ${process.env.NODE_ENV} is running on port ${port}`);\r\n});"]},"_coverageSchema":"1a1c01bbd47fc00a2c39e90264f33305004495a9","hash":"279cb93d91ac3fac9ddba7a855403162d320e20e","contentHash":"d544b0a69a7e3bf0c7af8fef7aee4949003c6f9b5edae78e88f2724a570bec5e"},"C:\\Users\\Bella\\Desktop\\learn_PREN\\server\\routes\\user.js":{"path":"C:\\Users\\Bella\\Desktop\\learn_PREN\\server\\routes\\user.js","statementMap":{"0":{"start":{"line":3,"column":29},"end":{"line":3,"column":84}},"1":{"start":{"line":5,"column":0},"end":{"line":7,"column":3}},"2":{"start":{"line":8,"column":0},"end":{"line":8,"column":28}},"3":{"start":{"line":10,"column":15},"end":{"line":10,"column":57}},"4":{"start":{"line":12,"column":22},"end":{"line":12,"column":85}},"5":{"start":{"line":14,"column":26},"end":{"line":14,"column":93}},"6":{"start":{"line":16,"column":25},"end":{"line":16,"column":91}},"7":{"start":{"line":18,"column":20},"end":{"line":18,"column":78}},"8":{"start":{"line":20,"column":12},"end":{"line":20,"column":65}},"9":{"start":{"line":22,"column":20},"end":{"line":22,"column":67}},"10":{"start":{"line":24,"column":13},"end":{"line":24,"column":41}},"11":{"start":{"line":26,"column":0},"end":{"line":26,"column":88}},"12":{"start":{"line":27,"column":0},"end":{"line":27,"column":56}},"13":{"start":{"line":28,"column":0},"end":{"line":28,"column":86}},"14":{"start":{"line":29,"column":0},"end":{"line":29,"column":75}},"15":{"start":{"line":30,"column":0},"end":{"line":30,"column":81}},"16":{"start":{"line":31,"column":0},"end":{"line":31,"column":84}},"17":{"start":{"line":32,"column":0},"end":{"line":32,"column":85}},"18":{"start":{"line":33,"column":0},"end":{"line":33,"column":81}},"19":{"start":{"line":34,"column":0},"end":{"line":34,"column":69}},"20":{"start":{"line":35,"column":0},"end":{"line":35,"column":81}},"21":{"start":{"line":36,"column":0},"end":{"line":36,"column":79}},"22":{"start":{"line":37,"column":0},"end":{"line":37,"column":85}},"23":{"start":{"line":38,"column":0},"end":{"line":38,"column":75}},"24":{"start":{"line":39,"column":0},"end":{"line":60,"column":3}},"25":{"start":{"line":40,"column":14},"end":{"line":40,"column":43}},"26":{"start":{"line":42,"column":2},"end":{"line":46,"column":3}},"27":{"start":{"line":43,"column":4},"end":{"line":45,"column":7}},"28":{"start":{"line":48,"column":12},"end":{"line":48,"column":70}},"29":{"start":{"line":51,"column":13},"end":{"line":51,"column":16}},"30":{"start":{"line":53,"column":2},"end":{"line":53,"column":23}},"31":{"start":{"line":54,"column":2},"end":{"line":56,"column":5}},"32":{"start":{"line":61,"column":15},"end":{"line":61,"column":21}},"33":{"start":{"line":62,"column":0},"end":{"line":62,"column":30}}},"fnMap":{"0":{"name":"(anonymous_0)","decl":{"start":{"line":39,"column":18},"end":{"line":39,"column":19}},"loc":{"start":{"line":39,"column":38},"end":{"line":60,"column":1}},"line":39}},"branchMap":{"0":{"loc":{"start":{"line":42,"column":2},"end":{"line":46,"column":3}},"type":"if","locations":[{"start":{"line":42,"column":2},"end":{"line":46,"column":3}},{"start":{"line":42,"column":2},"end":{"line":46,"column":3}}],"line":42}},"s":{"0":1,"1":1,"2":1,"3":1,"4":1,"5":1,"6":1,"7":1,"8":1,"9":1,"10":1,"11":1,"12":1,"13":1,"14":1,"15":1,"16":1,"17":1,"18":1,"19":1,"20":1,"21":1,"22":1,"23":1,"24":1,"25":0,"26":0,"27":0,"28":0,"29":0,"30":0,"31":0,"32":1,"33":1},"f":{"0":0},"b":{"0":[0,0]},"inputSourceMap":{"version":3,"sources":["user.js"],"names":["router","express","Router","post","userMiddleware","checkSignUp","userController","signUp","login","businessController","createBusiness","get","findAllBusiness","findBusinessById","put","modifyBusiness","deleteBus","productController","createProduct","allProduct","findProductById","modifyProduct","deleteProduct","registerBusiness","req","res","token","headers","status","send","message","ver","jwt","verify","process","env","SECRET","info","console","log","id"],"mappings":";;;;;;;;;AAAA;;AACA;;AACA;;AACA;;AACA;;AACA;;AAEA;;AAEA,IAAMA,MAAM,GAAGC,oBAAQC,MAAR,EAAf;;AAEAF,MAAM,CAACG,IAAP,CAAY,SAAZ,EAAuBC,iBAAeC,WAAtC,EAAmDC,2BAAeC,MAAlE;AACAP,MAAM,CAACG,IAAP,CAAY,QAAZ,EAAqBG,2BAAeE,KAApC;AAEAR,MAAM,CAACG,IAAP,CAAY,yBAAZ,EAAsCM,+BAAmBC,cAAzD;AACAV,MAAM,CAACW,GAAP,CAAW,cAAX,EAA0BF,+BAAmBG,eAA7C;AACAZ,MAAM,CAACW,GAAP,CAAW,mBAAX,EAA+BF,+BAAmBI,gBAAlD;AACAb,MAAM,CAACc,GAAP,CAAW,wBAAX,EAAoCL,+BAAmBM,cAAvD;AACAf,MAAM,UAAN,CAAc,wBAAd,EAAuCS,+BAAmBO,SAA1D;AAEAhB,MAAM,CAACG,IAAP,CAAY,sBAAZ,EAAmCc,8BAAkBC,aAArD;AACAlB,MAAM,CAACW,GAAP,CAAW,cAAX,EAA0BM,8BAAkBE,UAA5C;AACAnB,MAAM,CAACW,GAAP,CAAW,qBAAX,EAAiCM,8BAAkBG,eAAnD;AACApB,MAAM,CAACc,GAAP,CAAW,qBAAX,EAAiCG,8BAAkBI,aAAnD;AACArB,MAAM,UAAN,CAAc,qBAAd,EAAoCiB,8BAAkBK,aAAtD;AAEAtB,MAAM,CAACG,IAAP,CAAY,YAAZ,EAAyBM,+BAAmBc,gBAA5C;AACAvB,MAAM,CAACW,GAAP,CAAW,KAAX,EAAiB,UAACa,GAAD,EAAMC,GAAN,EAAc;AAE3B,MAAMC,KAAK,GAAGF,GAAG,CAACG,OAAJ,CAAY,gBAAZ,CAAd;;AACA,MAAG,CAACD,KAAJ,EAAU;AACN,WAAOD,GAAG,CAACG,MAAJ,CAAW,GAAX,EAAgBC,IAAhB,CAAqB;AAAEC,MAAAA,OAAO,EAAE;AAAX,KAArB,CAAP;AACH;;AAEA,MAAMC,GAAG,GAAGC,yBAAIC,MAAJ,CAAWP,KAAX,EAAiBQ,OAAO,CAACC,GAAR,CAAYC,MAA7B,CAAZ,CAP0B,CAQ3B;;;AACA,MAAMC,IAAI,GAAGN,GAAb,CAT2B,CAU3B;;AACCO,EAAAA,OAAO,CAACC,GAAR,CAAYF,IAAI,CAACG,EAAjB;AACD,SAAOf,GAAG,CAACG,MAAJ,CAAW,GAAX,EAAgBC,IAAhB,CAAqB;AACxBQ,IAAAA,IAAI,EAAJA;AADwB,GAArB,CAAP,CAZ2B,CAgB3B;AACA;AAEA;AACA;AAEH,CAtBD;eAyBerC,M","sourceRoot":"C:\\Users\\Bella\\Desktop\\learn_PREN\\server\\routes","sourcesContent":["import express from \"express\";\r\nimport userController from \"../controller/UserController\";\r\nimport businessController from \"../controller/businessController\";\r\nimport productController from \"../controller/productController\";\r\nimport processToken from \"../helpers/processToken\";\r\nimport userMiddleware from \"../middleware/user\";\r\n\r\nimport jwt from \"jsonwebtoken\";\r\n\r\nconst router = express.Router();\r\n\r\nrouter.post(\"/signup\", userMiddleware.checkSignUp ,userController.signUp);\r\nrouter.post(\"/login\",userController.login);\r\n\r\nrouter.post(\"/createBusiness/:userId\",businessController.createBusiness);\r\nrouter.get(\"/allBusiness\",businessController.findAllBusiness);\r\nrouter.get(\"/findBusiness/:id\",businessController.findBusinessById);\r\nrouter.put(\"/modifyBus/:businessId\",businessController.modifyBusiness);\r\nrouter.delete(\"/deleteBus/:businessId\",businessController.deleteBus);\r\n\r\nrouter.post(\"/product/:businessId\",productController.createProduct);\r\nrouter.get(\"/allProducts\",productController.allProduct);\r\nrouter.get(\"/product/:productId\",productController.findProductById);\r\nrouter.put(\"/product/:productId\",productController.modifyProduct);\r\nrouter.delete(\"/product/:productId\",productController.deleteProduct);\r\n\r\nrouter.post(\"/registerB\",businessController.registerBusiness);\r\nrouter.get(\"/me\",(req, res) => {\r\n    \r\n    const token = req.headers['x-access-token'];\r\n    if(!token){\r\n        return res.status(401).send({ message: \"no token found\" });\r\n    }\r\n\r\n     const ver = jwt.verify(token,process.env.SECRET);\r\n    //const ver = processToken.verifyToken(token);\r\n    const info = ver;\r\n    // const u = info.user.Id;\r\n     console.log(info.id);\r\n    return res.status(200).send({\r\n        info\r\n    })\r\n\r\n    // jwt.verify(token,process.env.SECRET,(err,decoded) =>{\r\n    //     if(err) return res.status(500).send({ auth: false, message: 'no token found'});\r\n\r\n    //     res.status(200).send(decoded);\r\n    // });\r\n    \r\n});\r\n\r\n\r\nexport default router;\r\n"]},"_coverageSchema":"1a1c01bbd47fc00a2c39e90264f33305004495a9","hash":"77a733d6236ca3ade7e84c8d8489c5d2ede8a29f","contentHash":"3fb3d57cb7e4edd7359684c99f1d122a2dfb0f23d1b236229accf2ff17912686"},"C:\\Users\\Bella\\Desktop\\learn_PREN\\server\\controller\\UserController.js":{"path":"C:\\Users\\Bella\\Desktop\\learn_PREN\\server\\controller\\UserController.js","statementMap":{"0":{"start":{"line":3,"column":29},"end":{"line":3,"column":84}},"1":{"start":{"line":5,"column":0},"end":{"line":7,"column":3}},"2":{"start":{"line":8,"column":0},"end":{"line":8,"column":28}},"3":{"start":{"line":10,"column":19},"end":{"line":10,"column":80}},"4":{"start":{"line":12,"column":25},"end":{"line":12,"column":99}},"5":{"start":{"line":14,"column":23},"end":{"line":14,"column":95}},"6":{"start":{"line":16,"column":20},"end":{"line":16,"column":89}},"7":{"start":{"line":18,"column":14},"end":{"line":18,"column":58}},"8":{"start":{"line":20,"column":16},"end":{"line":20,"column":59}},"9":{"start":{"line":22,"column":20},"end":{"line":22,"column":67}},"10":{"start":{"line":24,"column":14},"end":{"line":24,"column":55}},"11":{"start":{"line":26,"column":20},"end":{"line":26,"column":78}},"12":{"start":{"line":28,"column":0},"end":{"line":28,"column":28}},"13":{"start":{"line":30,"column":12},"end":{"line":30,"column":36}},"14":{"start":{"line":34,"column":0},"end":{"line":200,"column":3}},"15":{"start":{"line":36,"column":4},"end":{"line":36,"column":59}},"16":{"start":{"line":39,"column":2},"end":{"line":198,"column":6}},"17":{"start":{"line":49,"column":20},"end":{"line":101,"column":9}},"18":{"start":{"line":54,"column":8},"end":{"line":100,"column":36}},"19":{"start":{"line":55,"column":10},"end":{"line":99,"column":11}},"20":{"start":{"line":56,"column":12},"end":{"line":98,"column":13}},"21":{"start":{"line":58,"column":16},"end":{"line":58,"column":34}},"22":{"start":{"line":59,"column":16},"end":{"line":59,"column":124}},"23":{"start":{"line":60,"column":16},"end":{"line":64,"column":18}},"24":{"start":{"line":65,"column":16},"end":{"line":65,"column":34}},"25":{"start":{"line":66,"column":16},"end":{"line":66,"column":42}},"26":{"start":{"line":69,"column":16},"end":{"line":69,"column":43}},"27":{"start":{"line":71,"column":16},"end":{"line":83,"column":17}},"28":{"start":{"line":72,"column":18},"end":{"line":72,"column":61}},"29":{"start":{"line":80,"column":18},"end":{"line":82,"column":21}},"30":{"start":{"line":85,"column":16},"end":{"line":85,"column":35}},"31":{"start":{"line":86,"column":16},"end":{"line":86,"column":22}},"32":{"start":{"line":89,"column":16},"end":{"line":89,"column":34}},"33":{"start":{"line":90,"column":16},"end":{"line":90,"column":51}},"34":{"start":{"line":91,"column":16},"end":{"line":93,"column":19}},"35":{"start":{"line":97,"column":16},"end":{"line":97,"column":39}},"36":{"start":{"line":104,"column":8},"end":{"line":104,"column":46}},"37":{"start":{"line":107,"column":6},"end":{"line":107,"column":20}},"38":{"start":{"line":119,"column":19},"end":{"line":190,"column":9}},"39":{"start":{"line":124,"column":8},"end":{"line":189,"column":38}},"40":{"start":{"line":125,"column":10},"end":{"line":188,"column":11}},"41":{"start":{"line":126,"column":12},"end":{"line":187,"column":13}},"42":{"start":{"line":128,"column":16},"end":{"line":128,"column":35}},"43":{"start":{"line":129,"column":16},"end":{"line":129,"column":96}},"44":{"start":{"line":130,"column":16},"end":{"line":130,"column":35}},"45":{"start":{"line":131,"column":16},"end":{"line":135,"column":19}},"46":{"start":{"line":138,"column":16},"end":{"line":138,"column":42}},"47":{"start":{"line":140,"column":16},"end":{"line":143,"column":17}},"48":{"start":{"line":141,"column":18},"end":{"line":141,"column":38}},"49":{"start":{"line":142,"column":18},"end":{"line":142,"column":24}},"50":{"start":{"line":145,"column":16},"end":{"line":148,"column":17}},"51":{"start":{"line":146,"column":18},"end":{"line":146,"column":38}},"52":{"start":{"line":147,"column":18},"end":{"line":147,"column":24}},"53":{"start":{"line":150,"column":16},"end":{"line":153,"column":18}},"54":{"start":{"line":155,"column":16},"end":{"line":155,"column":36}},"55":{"start":{"line":156,"column":16},"end":{"line":156,"column":67}},"56":{"start":{"line":159,"column":16},"end":{"line":159,"column":39}},"57":{"start":{"line":160,"column":16},"end":{"line":163,"column":20}},"58":{"start":{"line":166,"column":16},"end":{"line":168,"column":19}},"59":{"start":{"line":171,"column":16},"end":{"line":173,"column":19}},"60":{"start":{"line":174,"column":16},"end":{"line":174,"column":36}},"61":{"start":{"line":175,"column":16},"end":{"line":175,"column":22}},"62":{"start":{"line":178,"column":16},"end":{"line":178,"column":36}},"63":{"start":{"line":179,"column":16},"end":{"line":179,"column":53}},"64":{"start":{"line":180,"column":16},"end":{"line":182,"column":19}},"65":{"start":{"line":186,"column":16},"end":{"line":186,"column":40}},"66":{"start":{"line":193,"column":8},"end":{"line":193,"column":45}},"67":{"start":{"line":196,"column":6},"end":{"line":196,"column":19}},"68":{"start":{"line":199,"column":2},"end":{"line":199,"column":24}},"69":{"start":{"line":202,"column":15},"end":{"line":202,"column":29}},"70":{"start":{"line":203,"column":0},"end":{"line":203,"column":30}}},"fnMap":{"0":{"name":"(anonymous_0)","decl":{"start":{"line":34,"column":0},"end":{"line":34,"column":1}},"loc":{"start":{"line":34,"column":12},"end":{"line":200,"column":1}},"line":34},"1":{"name":"UserController","decl":{"start":{"line":35,"column":11},"end":{"line":35,"column":25}},"loc":{"start":{"line":35,"column":28},"end":{"line":37,"column":3}},"line":35},"2":{"name":"(anonymous_2)","decl":{"start":{"line":48,"column":11},"end":{"line":48,"column":12}},"loc":{"start":{"line":48,"column":23},"end":{"line":108,"column":5}},"line":48},"3":{"name":"_callee","decl":{"start":{"line":51,"column":44},"end":{"line":51,"column":51}},"loc":{"start":{"line":51,"column":62},"end":{"line":101,"column":7}},"line":51},"4":{"name":"_callee$","decl":{"start":{"line":54,"column":53},"end":{"line":54,"column":61}},"loc":{"start":{"line":54,"column":72},"end":{"line":100,"column":9}},"line":54},"5":{"name":"signUp","decl":{"start":{"line":103,"column":15},"end":{"line":103,"column":21}},"loc":{"start":{"line":103,"column":31},"end":{"line":105,"column":7}},"line":103},"6":{"name":"(anonymous_6)","decl":{"start":{"line":118,"column":11},"end":{"line":118,"column":12}},"loc":{"start":{"line":118,"column":23},"end":{"line":197,"column":5}},"line":118},"7":{"name":"_callee2","decl":{"start":{"line":121,"column":44},"end":{"line":121,"column":52}},"loc":{"start":{"line":121,"column":63},"end":{"line":190,"column":7}},"line":121},"8":{"name":"_callee2$","decl":{"start":{"line":124,"column":53},"end":{"line":124,"column":62}},"loc":{"start":{"line":124,"column":74},"end":{"line":189,"column":9}},"line":124},"9":{"name":"login","decl":{"start":{"line":192,"column":15},"end":{"line":192,"column":20}},"loc":{"start":{"line":192,"column":31},"end":{"line":194,"column":7}},"line":192}},"branchMap":{"0":{"loc":{"start":{"line":56,"column":12},"end":{"line":98,"column":13}},"type":"switch","locations":[{"start":{"line":57,"column":14},"end":{"line":66,"column":42}},{"start":{"line":68,"column":14},"end":{"line":86,"column":22}},{"start":{"line":88,"column":14},"end":{"line":93,"column":19}},{"start":{"line":95,"column":14},"end":{"line":95,"column":22}},{"start":{"line":96,"column":14},"end":{"line":97,"column":39}}],"line":56},"1":{"loc":{"start":{"line":71,"column":16},"end":{"line":83,"column":17}},"type":"if","locations":[{"start":{"line":71,"column":16},"end":{"line":83,"column":17}},{"start":{"line":71,"column":16},"end":{"line":83,"column":17}}],"line":71},"2":{"loc":{"start":{"line":126,"column":12},"end":{"line":187,"column":13}},"type":"switch","locations":[{"start":{"line":127,"column":14},"end":{"line":135,"column":19}},{"start":{"line":137,"column":14},"end":{"line":156,"column":67}},{"start":{"line":158,"column":14},"end":{"line":163,"column":20}},{"start":{"line":165,"column":14},"end":{"line":168,"column":19}},{"start":{"line":170,"column":14},"end":{"line":175,"column":22}},{"start":{"line":177,"column":14},"end":{"line":182,"column":19}},{"start":{"line":184,"column":14},"end":{"line":184,"column":22}},{"start":{"line":185,"column":14},"end":{"line":186,"column":40}}],"line":126},"3":{"loc":{"start":{"line":140,"column":16},"end":{"line":143,"column":17}},"type":"if","locations":[{"start":{"line":140,"column":16},"end":{"line":143,"column":17}},{"start":{"line":140,"column":16},"end":{"line":143,"column":17}}],"line":140},"4":{"loc":{"start":{"line":145,"column":16},"end":{"line":148,"column":17}},"type":"if","locations":[{"start":{"line":145,"column":16},"end":{"line":148,"column":17}},{"start":{"line":145,"column":16},"end":{"line":148,"column":17}}],"line":145}},"s":{"0":1,"1":1,"2":1,"3":1,"4":1,"5":1,"6":1,"7":1,"8":1,"9":1,"10":1,"11":1,"12":1,"13":1,"14":1,"15":0,"16":1,"17":1,"18":0,"19":0,"20":0,"21":0,"22":0,"23":0,"24":0,"25":0,"26":0,"27":0,"28":0,"29":0,"30":0,"31":0,"32":0,"33":0,"34":0,"35":0,"36":0,"37":1,"38":1,"39":0,"40":0,"41":0,"42":0,"43":0,"44":0,"45":0,"46":0,"47":0,"48":0,"49":0,"50":0,"51":0,"52":0,"53":0,"54":0,"55":0,"56":0,"57":0,"58":0,"59":0,"60":0,"61":0,"62":0,"63":0,"64":0,"65":0,"66":0,"67":1,"68":1,"69":1,"70":1},"f":{"0":1,"1":0,"2":1,"3":0,"4":0,"5":0,"6":1,"7":0,"8":0,"9":0},"b":{"0":[0,0,0,0,0],"1":[0,0],"2":[0,0,0,0,0,0,0,0],"3":[0,0],"4":[0,0]},"inputSourceMap":{"version":3,"sources":["UserController.js"],"names":["dotenv","config","Users","model","UserController","req","res","body","fullName","password","email","user","create","createUser","dataValues","undefined","status","json","send","messsage","findOne","where","findUser","bcryptjs","compareSync","payload","id","processToken","signToken","token","error"],"mappings":";;;;;;;;;;;;;;;;;AAAA;;AACA;;AACA;;AACA;;AACA;;AACAA,mBAAOC,MAAP;;IAEOC,K,GAASC,kB,CAATD,K;;IAEDE,c;;;;;;;;;;AAEF;;;;;;;;;oDAOoBC,G,EAAIC,G;;;;;;;;4BAIkBD,GAAG,CAACE,I,EAA/BC,Q,aAAAA,Q,EAASC,Q,aAAAA,Q,EAASC,K,aAAAA,K;AAEfC,gBAAAA,I,GAAO;AACTH,kBAAAA,QAAQ,EAARA,QADS;AAETC,kBAAAA,QAAQ,EAARA,QAFS;AAGTC,kBAAAA,KAAK,EAALA;AAHS,iB;;uBAMYR,KAAK,CAACU,MAAN,CAAaD,IAAb,C;;;AAAnBE,gBAAAA,U;;AAET,oBAAIA,UAAJ,EAAe;AAEfA,kBAAAA,UAAU,CAACC,UAAX,CAAsBL,QAAtB,GAAiCM,SAAjC;AACO;;;;;;;AAOJT,kBAAAA,GAAG,CAACU,MAAJ,CAAW,GAAX,EAAgBC,IAAhB,CAAqB;AACnBN,oBAAAA,IAAI,EAAEE,UAAU,CAACC;AADE,mBAArB;AAGF;;;;;;;;AAGDR,gBAAAA,GAAG,CAACU,MAAJ,CAAW,GAAX,EAAgBE,IAAhB,CAAqB;AACjBC,kBAAAA,QAAQ,EAAE;AADO,iBAArB;;;;;;;;;;;;;;;;AAOT;;;;;;;;;;;;qDAOmBd,G,EAAIC,G;;;;;;;;6BAKXD,GAAG,CAACE,I,EAFJG,K,cAAAA,K,EACAD,Q,cAAAA,Q;;uBAGmBP,KAAK,CAACkB,OAAN,CAAe;AAAEC,kBAAAA,KAAK,EAAE;AAAEX,oBAAAA,KAAK,EAALA;AAAF;AAAT,iBAAf,C;;;AAAjBY,gBAAAA,Q;;qBAEHA,Q;;;;;qBACIC,qBAASC,WAAT,CAAqBf,QAArB,EAA8Ba,QAAQ,CAACR,UAAT,CAAoBL,QAAlD,C;;;;;AACOgB,gBAAAA,O,GAAU;AACZC,kBAAAA,EAAE,EAAEJ,QAAQ,CAACR,UAAT,CAAoBY,EADZ;AAEZhB,kBAAAA,KAAK,EAAEY,QAAQ,CAACR,UAAT,CAAoBJ;AAFf,iB,EAIhB;;;uBAEmBiB,yBAAaC,SAAb,CAAuBH,OAAvB,C;;;AAAdI,gBAAAA,K;kDAKEvB,GAAG,CAACU,MAAJ,CAAW,GAAX,EAAgBC,IAAhB,CAAqB;AACxBY,kBAAAA,KAAK,EAAEA,KADiB;AAExBV,kBAAAA,QAAQ,EAAE;AAFc,iBAArB,C;;;AAKXb,gBAAAA,GAAG,CAACU,MAAJ,CAAW,GAAX,EAAgBC,IAAhB,CAAqB;AACjBa,kBAAAA,KAAK,EAAE;AADU,iBAArB;;;AAKJxB,gBAAAA,GAAG,CAACU,MAAJ,CAAW,GAAX,EAAgBC,IAAhB,CAAqB;AACjBa,kBAAAA,KAAK,EAAE;AADU,iBAArB;;;;;;;AAIAxB,gBAAAA,GAAG,CAACU,MAAJ,CAAW,GAAX,EAAgBE,IAAhB,CAAqB;AACjBC,kBAAAA,QAAQ,EAAE;AADO,iBAArB;;;;;;;;;;;;;;;;;;;;eAOOf,c","sourceRoot":"C:\\Users\\Bella\\Desktop\\learn_PREN\\server\\controller","sourcesContent":["import model from \"../models\";\r\nimport bcryptjs from \"bcryptjs\";\r\nimport jwt from \"jsonwebtoken\";\r\nimport dotenv from \"dotenv\";\r\nimport processToken from \"../helpers/processToken\";\r\ndotenv.config();\r\n\r\nconst {Users} = model;\r\n\r\nclass UserController {\r\n\r\n    /**\r\n     * \r\n     * @param {object} req \r\n     * @param {object} res \r\n     * @returns user data response\r\n     */\r\n\r\n    static async signUp(req,res){\r\n        \r\n         try {\r\n\r\n            const {fullName,password,email} = req.body;\r\n\r\n                const user = {\r\n                    fullName,\r\n                    password,\r\n                    email\r\n                };\r\n\r\n                const createUser = await Users.create(user);\r\n               \r\n             if (createUser){\r\n \r\n             createUser.dataValues.password = undefined;\r\n                    /**\r\n                     * user{\r\n                     *     id = createUser.datavalues.id\r\n                     *     email = createUser.datavalues.email\r\n                     * }\r\n                     */\r\n                \r\n                res.status(201).json({\r\n                  user: createUser.dataValues\r\n              });\r\n             }\r\n\r\n         } catch (error) {\r\n             res.status(500).send({\r\n                 messsage: 'system error: '+error\r\n             });\r\n         }\r\n       \r\n    }\r\n\r\n    /**\r\n     * \r\n     * @param {object} req \r\n     * @param {object} res \r\n     * @returns \r\n     */\r\n\r\n    static async login(req,res){\r\n        try {\r\n            const {\r\n                email,\r\n                password\r\n            } = req.body;\r\n\r\n            const findUser = await Users.findOne( { where: { email }});\r\n\r\n            if(findUser){\r\n                if(bcryptjs.compareSync(password,findUser.dataValues.password)){\r\n                    const payload = {\r\n                        id: findUser.dataValues.id,\r\n                        email: findUser.dataValues.email\r\n                    };\r\n                    //const token = jwt.sign(payload, process.env.SECRET);\r\n\r\n                   const token = await processToken.signToken(payload);\r\n                   \r\n                //    const verifyT = await processToken.verifyToken(token);\r\n                //    const info = verifyT;\r\n                //    console.log(info.id);\r\n                    return res.status(200).json({\r\n                        token: token,\r\n                        messsage: 'Logged in successfully'\r\n                    });\r\n                }\r\n                res.status(400).json({\r\n                    error: \"Password does not match\"\r\n                });\r\n            }\r\n\r\n            res.status(404).json({\r\n                error: \"email not found\"\r\n            });\r\n        } catch (error) {\r\n            res.status(500).send({\r\n                messsage: \"System error: \"+error\r\n            })\r\n        }\r\n    }\r\n}\r\n\r\n    export default UserController;"]},"_coverageSchema":"1a1c01bbd47fc00a2c39e90264f33305004495a9","hash":"8505cad4d5048a9fa23c27e8304efab7574c40a3","contentHash":"73571f9b319571834a34a8ddacc3f538ecf7cf0a51f47442bfe8b208257416cb"},"C:\\Users\\Bella\\Desktop\\learn_PREN\\server\\models\\index.js":{"path":"C:\\Users\\Bella\\Desktop\\learn_PREN\\server\\models\\index.js","statementMap":{"0":{"start":{"line":3,"column":9},"end":{"line":3,"column":22}},"1":{"start":{"line":5,"column":11},"end":{"line":5,"column":26}},"2":{"start":{"line":7,"column":16},"end":{"line":7,"column":36}},"3":{"start":{"line":9,"column":15},"end":{"line":9,"column":40}},"4":{"start":{"line":10,"column":10},"end":{"line":10,"column":47}},"5":{"start":{"line":12,"column":13},"end":{"line":12,"column":63}},"6":{"start":{"line":14,"column":9},"end":{"line":14,"column":11}},"7":{"start":{"line":17,"column":0},"end":{"line":21,"column":1}},"8":{"start":{"line":18,"column":2},"end":{"line":18,"column":74}},"9":{"start":{"line":20,"column":2},"end":{"line":20,"column":87}},"10":{"start":{"line":23,"column":0},"end":{"line":28,"column":3}},"11":{"start":{"line":24,"column":2},"end":{"line":24,"column":82}},"12":{"start":{"line":26,"column":14},"end":{"line":26,"column":61}},"13":{"start":{"line":27,"column":2},"end":{"line":27,"column":25}},"14":{"start":{"line":29,"column":0},"end":{"line":33,"column":3}},"15":{"start":{"line":30,"column":2},"end":{"line":32,"column":3}},"16":{"start":{"line":31,"column":4},"end":{"line":31,"column":32}},"17":{"start":{"line":34,"column":0},"end":{"line":34,"column":25}},"18":{"start":{"line":35,"column":0},"end":{"line":35,"column":25}},"19":{"start":{"line":36,"column":0},"end":{"line":36,"column":20}}},"fnMap":{"0":{"name":"(anonymous_0)","decl":{"start":{"line":23,"column":33},"end":{"line":23,"column":34}},"loc":{"start":{"line":23,"column":49},"end":{"line":25,"column":1}},"line":23},"1":{"name":"(anonymous_1)","decl":{"start":{"line":25,"column":11},"end":{"line":25,"column":12}},"loc":{"start":{"line":25,"column":27},"end":{"line":28,"column":1}},"line":25},"2":{"name":"(anonymous_2)","decl":{"start":{"line":29,"column":24},"end":{"line":29,"column":25}},"loc":{"start":{"line":29,"column":45},"end":{"line":33,"column":1}},"line":29}},"branchMap":{"0":{"loc":{"start":{"line":10,"column":10},"end":{"line":10,"column":47}},"type":"binary-expr","locations":[{"start":{"line":10,"column":10},"end":{"line":10,"column":30}},{"start":{"line":10,"column":34},"end":{"line":10,"column":47}}],"line":10},"1":{"loc":{"start":{"line":17,"column":0},"end":{"line":21,"column":1}},"type":"if","locations":[{"start":{"line":17,"column":0},"end":{"line":21,"column":1}},{"start":{"line":17,"column":0},"end":{"line":21,"column":1}}],"line":17},"2":{"loc":{"start":{"line":24,"column":9},"end":{"line":24,"column":81}},"type":"binary-expr","locations":[{"start":{"line":24,"column":9},"end":{"line":24,"column":32}},{"start":{"line":24,"column":36},"end":{"line":24,"column":53}},{"start":{"line":24,"column":57},"end":{"line":24,"column":81}}],"line":24},"3":{"loc":{"start":{"line":30,"column":2},"end":{"line":32,"column":3}},"type":"if","locations":[{"start":{"line":30,"column":2},"end":{"line":32,"column":3}},{"start":{"line":30,"column":2},"end":{"line":32,"column":3}}],"line":30}},"s":{"0":1,"1":1,"2":1,"3":1,"4":1,"5":1,"6":1,"7":1,"8":0,"9":1,"10":1,"11":4,"12":3,"13":3,"14":1,"15":3,"16":3,"17":1,"18":1,"19":1},"f":{"0":4,"1":3,"2":3},"b":{"0":[1,1],"1":[0,1],"2":[4,4,3],"3":[3,0]},"inputSourceMap":{"version":3,"sources":["index.js"],"names":["fs","require","path","Sequelize","basename","__filename","env","process","NODE_ENV","config","__dirname","db","sequelize","use_env_variable","database","username","password","readdirSync","filter","file","indexOf","slice","forEach","model","join","name","Object","keys","modelName","associate","module","exports"],"mappings":"AAAA;;AAEA,IAAMA,EAAE,GAAGC,OAAO,CAAC,IAAD,CAAlB;;AACA,IAAMC,IAAI,GAAGD,OAAO,CAAC,MAAD,CAApB;;AACA,IAAME,SAAS,GAAGF,OAAO,CAAC,WAAD,CAAzB;;AACA,IAAMG,QAAQ,GAAGF,IAAI,CAACE,QAAL,CAAcC,UAAd,CAAjB;AACA,IAAMC,GAAG,GAAGC,OAAO,CAACD,GAAR,CAAYE,QAAZ,IAAwB,aAApC;;AACA,IAAMC,MAAM,GAAGR,OAAO,CAACS,SAAS,GAAG,wBAAb,CAAP,CAA8CJ,GAA9C,CAAf;;AACA,IAAMK,EAAE,GAAG,EAAX;AAEA,IAAIC,SAAJ;;AACA,IAAIH,MAAM,CAACI,gBAAX,EAA6B;AAC3BD,EAAAA,SAAS,GAAG,IAAIT,SAAJ,CAAcI,OAAO,CAACD,GAAR,CAAYG,MAAM,CAACI,gBAAnB,CAAd,EAAoDJ,MAApD,CAAZ;AACD,CAFD,MAEO;AACLG,EAAAA,SAAS,GAAG,IAAIT,SAAJ,CAAcM,MAAM,CAACK,QAArB,EAA+BL,MAAM,CAACM,QAAtC,EAAgDN,MAAM,CAACO,QAAvD,EAAiEP,MAAjE,CAAZ;AACD;;AAEDT,EAAE,CACCiB,WADH,CACeP,SADf,EAEGQ,MAFH,CAEU,UAAAC,IAAI,EAAI;AACd,SAAQA,IAAI,CAACC,OAAL,CAAa,GAAb,MAAsB,CAAvB,IAA8BD,IAAI,KAAKf,QAAvC,IAAqDe,IAAI,CAACE,KAAL,CAAW,CAAC,CAAZ,MAAmB,KAA/E;AACD,CAJH,EAKGC,OALH,CAKW,UAAAH,IAAI,EAAI;AACf,MAAMI,KAAK,GAAGX,SAAS,CAAC,QAAD,CAAT,CAAoBV,IAAI,CAACsB,IAAL,CAAUd,SAAV,EAAqBS,IAArB,CAApB,CAAd;AACAR,EAAAA,EAAE,CAACY,KAAK,CAACE,IAAP,CAAF,GAAiBF,KAAjB;AACD,CARH;AAUAG,MAAM,CAACC,IAAP,CAAYhB,EAAZ,EAAgBW,OAAhB,CAAwB,UAAAM,SAAS,EAAI;AACnC,MAAIjB,EAAE,CAACiB,SAAD,CAAF,CAAcC,SAAlB,EAA6B;AAC3BlB,IAAAA,EAAE,CAACiB,SAAD,CAAF,CAAcC,SAAd,CAAwBlB,EAAxB;AACD;AACF,CAJD;AAMAA,EAAE,CAACC,SAAH,GAAeA,SAAf;AACAD,EAAE,CAACR,SAAH,GAAeA,SAAf;AAEA2B,MAAM,CAACC,OAAP,GAAiBpB,EAAjB","sourceRoot":"C:\\Users\\Bella\\Desktop\\learn_PREN\\server\\models","sourcesContent":["'use strict';\n\nconst fs = require('fs');\nconst path = require('path');\nconst Sequelize = require('sequelize');\nconst basename = path.basename(__filename);\nconst env = process.env.NODE_ENV || 'development';\nconst config = require(__dirname + '/../config/config.json')[env];\nconst db = {};\n\nlet sequelize;\nif (config.use_env_variable) {\n  sequelize = new Sequelize(process.env[config.use_env_variable], config);\n} else {\n  sequelize = new Sequelize(config.database, config.username, config.password, config);\n}\n\nfs\n  .readdirSync(__dirname)\n  .filter(file => {\n    return (file.indexOf('.') !== 0) && (file !== basename) && (file.slice(-3) === '.js');\n  })\n  .forEach(file => {\n    const model = sequelize['import'](path.join(__dirname, file));\n    db[model.name] = model;\n  });\n\nObject.keys(db).forEach(modelName => {\n  if (db[modelName].associate) {\n    db[modelName].associate(db);\n  }\n});\n\ndb.sequelize = sequelize;\ndb.Sequelize = Sequelize;\n\nmodule.exports = db;\n"]},"_coverageSchema":"1a1c01bbd47fc00a2c39e90264f33305004495a9","hash":"597a782bc0d322351532ea6f96f662ad8e41802c","contentHash":"450502717be18a8c275765f8ddd984984cc9acc3249d93d79348aac4002eed26"},"C:\\Users\\Bella\\Desktop\\learn_PREN\\server\\models\\businesses.js":{"path":"C:\\Users\\Bella\\Desktop\\learn_PREN\\server\\models\\businesses.js","statementMap":{"0":{"start":{"line":3,"column":0},"end":{"line":5,"column":3}},"1":{"start":{"line":6,"column":0},"end":{"line":6,"column":28}},"2":{"start":{"line":8,"column":15},"end":{"line":36,"column":1}},"3":{"start":{"line":9,"column":19},"end":{"line":20,"column":8}},"4":{"start":{"line":22,"column":2},"end":{"line":33,"column":4}},"5":{"start":{"line":24,"column":4},"end":{"line":27,"column":7}},"6":{"start":{"line":28,"column":4},"end":{"line":32,"column":7}},"7":{"start":{"line":35,"column":2},"end":{"line":35,"column":20}},"8":{"start":{"line":38,"column":0},"end":{"line":38,"column":30}}},"fnMap":{"0":{"name":"_default","decl":{"start":{"line":8,"column":24},"end":{"line":8,"column":32}},"loc":{"start":{"line":8,"column":55},"end":{"line":36,"column":1}},"line":8},"1":{"name":"(anonymous_1)","decl":{"start":{"line":22,"column":25},"end":{"line":22,"column":26}},"loc":{"start":{"line":22,"column":43},"end":{"line":33,"column":3}},"line":22}},"branchMap":{},"s":{"0":1,"1":1,"2":1,"3":1,"4":1,"5":1,"6":1,"7":1,"8":1},"f":{"0":1,"1":1},"b":{},"inputSourceMap":{"version":3,"sources":["businesses.js"],"names":["sequelize","DataTypes","Businesses","define","userId","type","INTEGER","name","STRING","allowNull","args","msg","associate","models","hasMany","Products","foreignKey","onDelete","belongsTo","Users","as"],"mappings":";;;;;;;eAAc,kBAACA,SAAD,EAAYC,SAAZ,EAA0B;AACtC,MAAMC,UAAU,GAAGF,SAAS,CAACG,MAAV,CAAiB,YAAjB,EAA+B;AAChDC,IAAAA,MAAM,EACL;AACGC,MAAAA,IAAI,EAAEJ,SAAS,CAACK;AADnB,KAF+C;AAKhDC,IAAAA,IAAI,EAAE;AACDF,MAAAA,IAAI,EAAEJ,SAAS,CAACO,MADf;AAEDC,MAAAA,SAAS,EAAE;AACTC,QAAAA,IAAI,EAAE,KADG;AAETC,QAAAA,GAAG,EAAE;AAFI;AAFV;AAL0C,GAA/B,EAYhB,EAZgB,CAAnB;;AAaAT,EAAAA,UAAU,CAACU,SAAX,GAAuB,UAASC,MAAT,EAAiB;AACtC;AACJX,IAAAA,UAAU,CAACY,OAAX,CAAmBD,MAAM,CAACE,QAA1B,EAAoC;AAClCC,MAAAA,UAAU,EAAE,YADsB;AAElCC,MAAAA,QAAQ,EAAE;AAFwB,KAApC;AAIEf,IAAAA,UAAU,CAACgB,SAAX,CAAqBL,MAAM,CAACM,KAA5B,EAAmC;AAC/BC,MAAAA,EAAE,EAAE,MAD2B;AAE/BJ,MAAAA,UAAU,EAAE,QAFmB;AAG/BC,MAAAA,QAAQ,EAAE;AAHqB,KAAnC;AAKC,GAXD;;AAYA,SAAOf,UAAP;AACD,C","sourceRoot":"C:\\Users\\Bella\\Desktop\\learn_PREN\\server\\models","sourcesContent":["export default(sequelize, DataTypes) => {\n  const Businesses = sequelize.define('Businesses', {\n    userId:\n     {\n        type: DataTypes.INTEGER, \n     },\n    name: {\n         type: DataTypes.STRING,\n         allowNull: {\n           args: false,\n           msg: \"Business Name is required\"\n         } \n          }\n  }, {});\n  Businesses.associate = function(models) {\n    // associations can be defined here\nBusinesses.hasMany(models.Products, {\n  foreignKey: \"businessId\",\n  onDelete: \"CASCADE\"\n});\n  Businesses.belongsTo(models.Users, {\n      as: \"User\",\n      foreignKey: \"userId\",\n      onDelete: \"CASCADE\"\n    })\n  };\n  return Businesses;\n};"]},"_coverageSchema":"1a1c01bbd47fc00a2c39e90264f33305004495a9","hash":"68dc6864320493b60cee42c355887f514c7630d4","contentHash":"cbe3b7c8ee471c75949041212e3d5bd2f26ed70222e7687afaf95b1c443c615b"},"C:\\Users\\Bella\\Desktop\\learn_PREN\\server\\models\\products.js":{"path":"C:\\Users\\Bella\\Desktop\\learn_PREN\\server\\models\\products.js","statementMap":{"0":{"start":{"line":3,"column":0},"end":{"line":5,"column":3}},"1":{"start":{"line":6,"column":0},"end":{"line":6,"column":28}},"2":{"start":{"line":8,"column":15},"end":{"line":46,"column":1}},"3":{"start":{"line":9,"column":17},"end":{"line":34,"column":8}},"4":{"start":{"line":36,"column":2},"end":{"line":43,"column":4}},"5":{"start":{"line":38,"column":4},"end":{"line":42,"column":7}},"6":{"start":{"line":45,"column":2},"end":{"line":45,"column":18}},"7":{"start":{"line":48,"column":0},"end":{"line":48,"column":30}}},"fnMap":{"0":{"name":"_default","decl":{"start":{"line":8,"column":24},"end":{"line":8,"column":32}},"loc":{"start":{"line":8,"column":55},"end":{"line":46,"column":1}},"line":8},"1":{"name":"(anonymous_1)","decl":{"start":{"line":36,"column":23},"end":{"line":36,"column":24}},"loc":{"start":{"line":36,"column":41},"end":{"line":43,"column":3}},"line":36}},"branchMap":{},"s":{"0":1,"1":1,"2":1,"3":1,"4":1,"5":1,"6":1,"7":1},"f":{"0":1,"1":1},"b":{},"inputSourceMap":{"version":3,"sources":["products.js"],"names":["sequelize","DataTypes","Products","define","businessId","type","INTEGER","productName","STRING","allowNull","args","msg","price","FLOAT","category","associate","models","belongsTo","Businesses","as","foreignKey","onDelete"],"mappings":";;;;;;;eAAc,kBAACA,SAAD,EAAYC,SAAZ,EAA0B;AACtC,MAAMC,QAAQ,GAAGF,SAAS,CAACG,MAAV,CAAiB,UAAjB,EAA6B;AAC5CC,IAAAA,UAAU,EACT;AACGC,MAAAA,IAAI,EAAGJ,SAAS,CAACK;AADpB,KAF2C;AAK5CC,IAAAA,WAAW,EACX;AACIF,MAAAA,IAAI,EAAGJ,SAAS,CAACO,MADrB;AAEIC,MAAAA,SAAS,EAAE;AACTC,QAAAA,IAAI,EAAE,KADG;AAETC,QAAAA,GAAG,EAAE;AAFI;AAFf,KAN4C;AAa5CC,IAAAA,KAAK,EACL;AACIP,MAAAA,IAAI,EAAGJ,SAAS,CAACY,KADrB;AAEIJ,MAAAA,SAAS,EAAE;AACPC,QAAAA,IAAI,EAAE,KADC;AAEPC,QAAAA,GAAG,EAAE;AAFE;AAFf,KAd4C;AAqB5CG,IAAAA,QAAQ,EACR;AACIT,MAAAA,IAAI,EAAIJ,SAAS,CAACO,MADtB;AAEIC,MAAAA,SAAS,EAAE;AACPC,QAAAA,IAAI,EAAE,KADC;AAEPC,QAAAA,GAAG,EAAE;AAFE;AAFf;AAtB4C,GAA7B,EA8Bd,EA9Bc,CAAjB;;AA+BAT,EAAAA,QAAQ,CAACa,SAAT,GAAqB,UAASC,MAAT,EAAiB;AACpC;AACAd,IAAAA,QAAQ,CAACe,SAAT,CAAmBD,MAAM,CAACE,UAA1B,EAAsC;AACpCC,MAAAA,EAAE,EAAE,SADgC;AAEpCC,MAAAA,UAAU,EAAE,YAFwB;AAGpCC,MAAAA,QAAQ,EAAE;AAH0B,KAAtC;AAKD,GAPD;;AAQA,SAAOnB,QAAP;AACD,C","sourceRoot":"C:\\Users\\Bella\\Desktop\\learn_PREN\\server\\models","sourcesContent":["export default(sequelize, DataTypes) => {\n  const Products = sequelize.define('Products', {\n    businessId:\n     {\n        type : DataTypes.INTEGER,\n     },\n    productName:\n    {\n        type : DataTypes.STRING,\n        allowNull: {\n          args: false,\n          msg: \"Product name is required\"\n        } \n    },\n    price:\n    {\n        type : DataTypes.FLOAT,\n        allowNull: {\n            args: false,\n            msg: \"Price is required\"\n        }\n    },\n    category:\n    {\n        type :  DataTypes.STRING,\n        allowNull: {\n            args: false,\n            msg: \"Category is required\"\n        }\n    }\n\n  }, {});\n  Products.associate = function(models) {\n    // associations can be defined here\n    Products.belongsTo(models.Businesses, {\n      as: \"Product\",\n      foreignKey: \"businessId\",\n      onDelete: \"CASCADE\"\n    });\n  };\n  return Products;\n}"]},"_coverageSchema":"1a1c01bbd47fc00a2c39e90264f33305004495a9","hash":"4be5ea503915bf805278dc6d064420b074ba8711","contentHash":"18fe87646ce099ef8c61abe236c5d4140aa6cccfa210449d8224708a03b97f91"},"C:\\Users\\Bella\\Desktop\\learn_PREN\\server\\models\\users.js":{"path":"C:\\Users\\Bella\\Desktop\\learn_PREN\\server\\models\\users.js","statementMap":{"0":{"start":{"line":3,"column":29},"end":{"line":3,"column":84}},"1":{"start":{"line":5,"column":0},"end":{"line":7,"column":3}},"2":{"start":{"line":8,"column":0},"end":{"line":8,"column":28}},"3":{"start":{"line":10,"column":19},"end":{"line":10,"column":80}},"4":{"start":{"line":12,"column":25},"end":{"line":12,"column":99}},"5":{"start":{"line":14,"column":16},"end":{"line":14,"column":59}},"6":{"start":{"line":16,"column":15},"end":{"line":81,"column":1}},"7":{"start":{"line":17,"column":14},"end":{"line":70,"column":4}},"8":{"start":{"line":42,"column":28},"end":{"line":61,"column":11}},"9":{"start":{"line":45,"column":10},"end":{"line":60,"column":22}},"10":{"start":{"line":46,"column":12},"end":{"line":59,"column":13}},"11":{"start":{"line":47,"column":14},"end":{"line":58,"column":15}},"12":{"start":{"line":49,"column":18},"end":{"line":49,"column":36}},"13":{"start":{"line":50,"column":18},"end":{"line":50,"column":74}},"14":{"start":{"line":53,"column":18},"end":{"line":53,"column":48}},"15":{"start":{"line":57,"column":18},"end":{"line":57,"column":41}},"16":{"start":{"line":64,"column":10},"end":{"line":64,"column":54}},"17":{"start":{"line":67,"column":8},"end":{"line":67,"column":28}},"18":{"start":{"line":72,"column":2},"end":{"line":78,"column":4}},"19":{"start":{"line":74,"column":4},"end":{"line":77,"column":7}},"20":{"start":{"line":80,"column":2},"end":{"line":80,"column":15}},"21":{"start":{"line":83,"column":0},"end":{"line":83,"column":30}}},"fnMap":{"0":{"name":"_default","decl":{"start":{"line":16,"column":24},"end":{"line":16,"column":32}},"loc":{"start":{"line":16,"column":55},"end":{"line":81,"column":1}},"line":16},"1":{"name":"(anonymous_1)","decl":{"start":{"line":41,"column":20},"end":{"line":41,"column":21}},"loc":{"start":{"line":41,"column":32},"end":{"line":68,"column":7}},"line":41},"2":{"name":"_callee","decl":{"start":{"line":44,"column":46},"end":{"line":44,"column":53}},"loc":{"start":{"line":44,"column":60},"end":{"line":61,"column":9}},"line":44},"3":{"name":"_callee$","decl":{"start":{"line":45,"column":55},"end":{"line":45,"column":63}},"loc":{"start":{"line":45,"column":74},"end":{"line":60,"column":11}},"line":45},"4":{"name":"beforeCreate","decl":{"start":{"line":63,"column":17},"end":{"line":63,"column":29}},"loc":{"start":{"line":63,"column":34},"end":{"line":65,"column":9}},"line":63},"5":{"name":"(anonymous_5)","decl":{"start":{"line":72,"column":20},"end":{"line":72,"column":21}},"loc":{"start":{"line":72,"column":38},"end":{"line":78,"column":3}},"line":72}},"branchMap":{"0":{"loc":{"start":{"line":47,"column":14},"end":{"line":58,"column":15}},"type":"switch","locations":[{"start":{"line":48,"column":16},"end":{"line":50,"column":74}},{"start":{"line":52,"column":16},"end":{"line":53,"column":48}},{"start":{"line":55,"column":16},"end":{"line":55,"column":23}},{"start":{"line":56,"column":16},"end":{"line":57,"column":41}}],"line":47}},"s":{"0":1,"1":1,"2":1,"3":1,"4":1,"5":1,"6":1,"7":1,"8":1,"9":0,"10":0,"11":0,"12":0,"13":0,"14":0,"15":0,"16":0,"17":1,"18":1,"19":1,"20":1,"21":1},"f":{"0":1,"1":1,"2":0,"3":0,"4":0,"5":1},"b":{"0":[0,0,0,0]},"inputSourceMap":{"version":3,"sources":["users.js"],"names":["sequelize","DataTypes","Users","define","fullName","type","STRING","password","allowNull","args","msg","email","unique","hooks","beforeCreate","user","bcryptjs","hashSync","associate","models","hasMany","Businesses","foreignKey","onDelete"],"mappings":";;;;;;;;;;;;;AAAA;;eAEe,kBAACA,SAAD,EAAYC,SAAZ,EAA0B;AACvC,MAAMC,KAAK,GAAGF,SAAS,CAACG,MAAV,CAAiB,OAAjB,EAA0B;AACtCC,IAAAA,QAAQ,EAAE;AACRC,MAAAA,IAAI,EAAEJ,SAAS,CAACK;AADR,KAD4B;AAItCC,IAAAA,QAAQ,EAAE;AACRF,MAAAA,IAAI,EAAEJ,SAAS,CAACK,MADR;AAERE,MAAAA,SAAS,EAAE;AACTC,QAAAA,IAAI,EAAE,KADG;AAETC,QAAAA,GAAG,EAAE;AAFI;AAFH,KAJ4B;AAWtCC,IAAAA,KAAK,EAAE;AACLN,MAAAA,IAAI,EAAEJ,SAAS,CAACK,MADX;AAELE,MAAAA,SAAS,EAAE;AACTC,QAAAA,IAAI,EAAE,KADG;AAETC,QAAAA,GAAG,EAAE;AAFI,OAFN;AAMLE,MAAAA,MAAM,EAAE;AACNH,QAAAA,IAAI,EAAE,IADA;AAENC,QAAAA,GAAG,EAAE;AAFC;AANH;AAX+B,GAA1B,EAsBX;AACDG,IAAAA,KAAK,EAAE;AACLC,MAAAA,YAAY;AAAA;AAAA;AAAA,qCAAE,iBAAOC,IAAP;AAAA;AAAA;AAAA;AAAA;AAAA;AAAA,yBACYC,qBAASC,QAAT,CAAkBF,IAAI,CAACR,QAAvB,EAAgC,EAAhC,CADZ;;AAAA;AACVQ,kBAAAA,IAAI,CAACR,QADK;;AAAA;AAAA;AAAA;AAAA;AAAA;AAAA;AAAA,SAAF;;AAAA;AAAA;AAAA;;AAAA;AAAA;AADP;AADN,GAtBW,CAAd;;AA6BAL,EAAAA,KAAK,CAACgB,SAAN,GAAkB,UAASC,MAAT,EAAiB;AACjC;AACAjB,IAAAA,KAAK,CAACkB,OAAN,CAAcD,MAAM,CAACE,UAArB,EAAiC;AAC/BC,MAAAA,UAAU,EAAE,QADmB;AAE/BC,MAAAA,QAAQ,EAAE;AAFqB,KAAjC;AAID,GAND;;AAOA,SAAOrB,KAAP;AACD,C","sourceRoot":"C:\\Users\\Bella\\Desktop\\learn_PREN\\server\\models","sourcesContent":["import bcryptjs from \"bcryptjs\";\n\nexport default (sequelize, DataTypes) => {\n  const Users = sequelize.define('Users', {\n    fullName: {\n      type: DataTypes.STRING,\n    },\n    password: {\n      type: DataTypes.STRING,\n      allowNull: {\n        args: false,\n        msg: \"please enter your password\"\n      }\n    },\n    email: {\n      type: DataTypes.STRING,\n      allowNull: {\n        args: false,\n        msg: \"please enter your email\"\n      },\n      unique: {\n        args: true,\n        msg: \"Email already exists\"\n      }\n    },\n  }, {\n    hooks: {\n      beforeCreate: async (user) => {\n          user.password = await bcryptjs.hashSync(user.password,10)\n      }\n    }\n  });\n  Users.associate = function(models) {\n    // associations can be defined here\n    Users.hasMany(models.Businesses, {\n      foreignKey: \"userId\",\n      onDelete: \"CASCADE\"\n    });\n  };\n  return Users;\n};\n\n"]},"_coverageSchema":"1a1c01bbd47fc00a2c39e90264f33305004495a9","hash":"cf5ce093cd368fa6bc6c6ec3128de39090a0859f","contentHash":"f96f7f0985553dd66388bf91b0cfcbb5b2442a89f5e285416ca4917ff486bcd8"},"C:\\Users\\Bella\\Desktop\\learn_PREN\\server\\helpers\\processToken.js":{"path":"C:\\Users\\Bella\\Desktop\\learn_PREN\\server\\helpers\\processToken.js","statementMap":{"0":{"start":{"line":3,"column":29},"end":{"line":3,"column":84}},"1":{"start":{"line":5,"column":0},"end":{"line":7,"column":3}},"2":{"start":{"line":8,"column":0},"end":{"line":8,"column":28}},"3":{"start":{"line":10,"column":19},"end":{"line":10,"column":80}},"4":{"start":{"line":12,"column":25},"end":{"line":12,"column":99}},"5":{"start":{"line":14,"column":23},"end":{"line":14,"column":95}},"6":{"start":{"line":16,"column":20},"end":{"line":16,"column":89}},"7":{"start":{"line":18,"column":20},"end":{"line":18,"column":67}},"8":{"start":{"line":20,"column":14},"end":{"line":20,"column":55}},"9":{"start":{"line":22,"column":0},"end":{"line":22,"column":28}},"10":{"start":{"line":26,"column":0},"end":{"line":89,"column":3}},"11":{"start":{"line":28,"column":4},"end":{"line":28,"column":57}},"12":{"start":{"line":31,"column":2},"end":{"line":87,"column":6}},"13":{"start":{"line":34,"column":23},"end":{"line":51,"column":9}},"14":{"start":{"line":38,"column":8},"end":{"line":50,"column":20}},"15":{"start":{"line":39,"column":10},"end":{"line":49,"column":11}},"16":{"start":{"line":40,"column":12},"end":{"line":48,"column":13}},"17":{"start":{"line":42,"column":16},"end":{"line":42,"column":83}},"18":{"start":{"line":43,"column":16},"end":{"line":43,"column":56}},"19":{"start":{"line":47,"column":16},"end":{"line":47,"column":39}},"20":{"start":{"line":54,"column":8},"end":{"line":54,"column":49}},"21":{"start":{"line":57,"column":6},"end":{"line":57,"column":23}},"22":{"start":{"line":62,"column":25},"end":{"line":79,"column":9}},"23":{"start":{"line":66,"column":8},"end":{"line":78,"column":21}},"24":{"start":{"line":67,"column":10},"end":{"line":77,"column":11}},"25":{"start":{"line":68,"column":12},"end":{"line":76,"column":13}},"26":{"start":{"line":70,"column":16},"end":{"line":70,"column":91}},"27":{"start":{"line":71,"column":16},"end":{"line":71,"column":65}},"28":{"start":{"line":75,"column":16},"end":{"line":75,"column":40}},"29":{"start":{"line":82,"column":8},"end":{"line":82,"column":51}},"30":{"start":{"line":85,"column":6},"end":{"line":85,"column":25}},"31":{"start":{"line":88,"column":2},"end":{"line":88,"column":22}},"32":{"start":{"line":91,"column":15},"end":{"line":91,"column":27}},"33":{"start":{"line":92,"column":0},"end":{"line":92,"column":30}}},"fnMap":{"0":{"name":"(anonymous_0)","decl":{"start":{"line":26,"column":0},"end":{"line":26,"column":1}},"loc":{"start":{"line":26,"column":12},"end":{"line":89,"column":1}},"line":26},"1":{"name":"processToken","decl":{"start":{"line":27,"column":11},"end":{"line":27,"column":23}},"loc":{"start":{"line":27,"column":26},"end":{"line":29,"column":3}},"line":27},"2":{"name":"(anonymous_2)","decl":{"start":{"line":33,"column":11},"end":{"line":33,"column":12}},"loc":{"start":{"line":33,"column":23},"end":{"line":58,"column":5}},"line":33},"3":{"name":"_callee","decl":{"start":{"line":36,"column":44},"end":{"line":36,"column":51}},"loc":{"start":{"line":36,"column":61},"end":{"line":51,"column":7}},"line":36},"4":{"name":"_callee$","decl":{"start":{"line":38,"column":53},"end":{"line":38,"column":61}},"loc":{"start":{"line":38,"column":72},"end":{"line":50,"column":9}},"line":38},"5":{"name":"signToken","decl":{"start":{"line":53,"column":15},"end":{"line":53,"column":24}},"loc":{"start":{"line":53,"column":29},"end":{"line":55,"column":7}},"line":53},"6":{"name":"(anonymous_6)","decl":{"start":{"line":61,"column":11},"end":{"line":61,"column":12}},"loc":{"start":{"line":61,"column":23},"end":{"line":86,"column":5}},"line":61},"7":{"name":"_callee2","decl":{"start":{"line":64,"column":44},"end":{"line":64,"column":52}},"loc":{"start":{"line":64,"column":60},"end":{"line":79,"column":7}},"line":64},"8":{"name":"_callee2$","decl":{"start":{"line":66,"column":53},"end":{"line":66,"column":62}},"loc":{"start":{"line":66,"column":74},"end":{"line":78,"column":9}},"line":66},"9":{"name":"verifyToken","decl":{"start":{"line":81,"column":15},"end":{"line":81,"column":26}},"loc":{"start":{"line":81,"column":32},"end":{"line":83,"column":7}},"line":81}},"branchMap":{"0":{"loc":{"start":{"line":40,"column":12},"end":{"line":48,"column":13}},"type":"switch","locations":[{"start":{"line":41,"column":14},"end":{"line":43,"column":56}},{"start":{"line":45,"column":14},"end":{"line":45,"column":21}},{"start":{"line":46,"column":14},"end":{"line":47,"column":39}}],"line":40},"1":{"loc":{"start":{"line":68,"column":12},"end":{"line":76,"column":13}},"type":"switch","locations":[{"start":{"line":69,"column":14},"end":{"line":71,"column":65}},{"start":{"line":73,"column":14},"end":{"line":73,"column":21}},{"start":{"line":74,"column":14},"end":{"line":75,"column":40}}],"line":68}},"s":{"0":1,"1":1,"2":1,"3":1,"4":1,"5":1,"6":1,"7":1,"8":1,"9":1,"10":1,"11":0,"12":1,"13":1,"14":0,"15":0,"16":0,"17":0,"18":0,"19":0,"20":0,"21":1,"22":1,"23":0,"24":0,"25":0,"26":0,"27":0,"28":0,"29":0,"30":1,"31":1,"32":1,"33":1},"f":{"0":1,"1":0,"2":1,"3":0,"4":0,"5":0,"6":1,"7":0,"8":0,"9":0},"b":{"0":[0,0,0],"1":[0,0,0]},"inputSourceMap":{"version":3,"sources":["processToken.js"],"names":["dotenv","config","processToken","payload","token","jwt","sign","process","env","SECRET","verifiedToken","verify"],"mappings":";;;;;;;;;;;;;;;;;AAAA;;AACA;;AAEAA,mBAAOC,MAAP;;IAEMC,Y;;;;;;;;;;;;oDAEqBC,O;;;;;;AACbC,gBAAAA,K,GAAQC,yBAAIC,IAAJ,CAASH,OAAT,EAAkBI,OAAO,CAACC,GAAR,CAAYC,MAA9B,C;iDACPL,K;;;;;;;;;;;;;;;;;;;;;qDAEcA,K;;;;;;AACfM,gBAAAA,a,GAAgBL,yBAAIM,MAAJ,CAAWP,KAAX,EAAkBG,OAAO,CAACC,GAAR,CAAYC,MAA9B,C;kDACfC,a;;;;;;;;;;;;;;;;;;;;eAGAR,Y","sourceRoot":"C:\\Users\\Bella\\Desktop\\learn_PREN\\server\\helpers","sourcesContent":["import jwt from \"jsonwebtoken\";\r\nimport dotenv from \"dotenv\";\r\n\r\ndotenv.config();\r\n\r\nclass processToken{\r\n\r\n    static async signToken(payload){\r\n        const token = jwt.sign(payload, process.env.SECRET);\r\n        return token;\r\n    }\r\n    static async verifyToken(token){\r\n        const verifiedToken = jwt.verify(token, process.env.SECRET)\r\n        return verifiedToken;\r\n    }\r\n}\r\nexport default processToken;"]},"_coverageSchema":"1a1c01bbd47fc00a2c39e90264f33305004495a9","hash":"fbf6f1956f2ed5357255a756fbb84cb900e84c01","contentHash":"f5266788fe7f9066e0e861c7221b942b96c7625e1c57dac783a8afc5a5aa72a6"},"C:\\Users\\Bella\\Desktop\\learn_PREN\\server\\controller\\businessController.js":{"path":"C:\\Users\\Bella\\Desktop\\learn_PREN\\server\\controller\\businessController.js","statementMap":{"0":{"start":{"line":3,"column":29},"end":{"line":3,"column":84}},"1":{"start":{"line":5,"column":0},"end":{"line":7,"column":3}},"2":{"start":{"line":8,"column":0},"end":{"line":8,"column":28}},"3":{"start":{"line":10,"column":19},"end":{"line":10,"column":80}},"4":{"start":{"line":12,"column":25},"end":{"line":12,"column":99}},"5":{"start":{"line":14,"column":23},"end":{"line":14,"column":95}},"6":{"start":{"line":16,"column":20},"end":{"line":16,"column":89}},"7":{"start":{"line":18,"column":14},"end":{"line":18,"column":58}},"8":{"start":{"line":20,"column":20},"end":{"line":20,"column":78}},"9":{"start":{"line":22,"column":20},"end":{"line":22,"column":67}},"10":{"start":{"line":24,"column":17},"end":{"line":24,"column":46}},"11":{"start":{"line":25,"column":12},"end":{"line":25,"column":36}},"12":{"start":{"line":29,"column":0},"end":{"line":378,"column":3}},"13":{"start":{"line":31,"column":4},"end":{"line":31,"column":63}},"14":{"start":{"line":34,"column":2},"end":{"line":376,"column":6}},"15":{"start":{"line":37,"column":28},"end":{"line":105,"column":9}},"16":{"start":{"line":41,"column":8},"end":{"line":104,"column":37}},"17":{"start":{"line":42,"column":10},"end":{"line":103,"column":11}},"18":{"start":{"line":43,"column":12},"end":{"line":102,"column":13}},"19":{"start":{"line":45,"column":16},"end":{"line":45,"column":34}},"20":{"start":{"line":46,"column":16},"end":{"line":46,"column":37}},"21":{"start":{"line":47,"column":16},"end":{"line":47,"column":43}},"22":{"start":{"line":48,"column":16},"end":{"line":51,"column":18}},"23":{"start":{"line":52,"column":16},"end":{"line":52,"column":34}},"24":{"start":{"line":53,"column":16},"end":{"line":57,"column":19}},"25":{"start":{"line":60,"column":16},"end":{"line":60,"column":41}},"26":{"start":{"line":62,"column":16},"end":{"line":65,"column":17}},"27":{"start":{"line":63,"column":18},"end":{"line":63,"column":37}},"28":{"start":{"line":64,"column":18},"end":{"line":64,"column":24}},"29":{"start":{"line":67,"column":16},"end":{"line":67,"column":35}},"30":{"start":{"line":68,"column":16},"end":{"line":68,"column":51}},"31":{"start":{"line":71,"column":16},"end":{"line":71,"column":42}},"32":{"start":{"line":73,"column":16},"end":{"line":78,"column":17}},"33":{"start":{"line":74,"column":18},"end":{"line":77,"column":21}},"34":{"start":{"line":80,"column":16},"end":{"line":80,"column":35}},"35":{"start":{"line":81,"column":16},"end":{"line":81,"column":22}},"36":{"start":{"line":84,"column":16},"end":{"line":86,"column":19}},"37":{"start":{"line":89,"column":16},"end":{"line":89,"column":35}},"38":{"start":{"line":90,"column":16},"end":{"line":90,"column":22}},"39":{"start":{"line":93,"column":16},"end":{"line":93,"column":35}},"40":{"start":{"line":94,"column":16},"end":{"line":94,"column":51}},"41":{"start":{"line":95,"column":16},"end":{"line":97,"column":19}},"42":{"start":{"line":101,"column":16},"end":{"line":101,"column":39}},"43":{"start":{"line":108,"column":8},"end":{"line":108,"column":54}},"44":{"start":{"line":111,"column":6},"end":{"line":111,"column":28}},"45":{"start":{"line":116,"column":29},"end":{"line":133,"column":9}},"46":{"start":{"line":119,"column":8},"end":{"line":132,"column":21}},"47":{"start":{"line":120,"column":10},"end":{"line":131,"column":11}},"48":{"start":{"line":121,"column":12},"end":{"line":130,"column":13}},"49":{"start":{"line":123,"column":16},"end":{"line":125,"column":20}},"50":{"start":{"line":124,"column":18},"end":{"line":124,"column":44}},"51":{"start":{"line":129,"column":16},"end":{"line":129,"column":40}},"52":{"start":{"line":136,"column":8},"end":{"line":136,"column":55}},"53":{"start":{"line":139,"column":6},"end":{"line":139,"column":29}},"54":{"start":{"line":144,"column":30},"end":{"line":185,"column":9}},"55":{"start":{"line":148,"column":8},"end":{"line":184,"column":37}},"56":{"start":{"line":149,"column":10},"end":{"line":183,"column":11}},"57":{"start":{"line":150,"column":12},"end":{"line":182,"column":13}},"58":{"start":{"line":152,"column":16},"end":{"line":152,"column":35}},"59":{"start":{"line":153,"column":16},"end":{"line":153,"column":35}},"60":{"start":{"line":154,"column":16},"end":{"line":154,"column":58}},"61":{"start":{"line":157,"column":16},"end":{"line":157,"column":41}},"62":{"start":{"line":159,"column":16},"end":{"line":167,"column":17}},"63":{"start":{"line":160,"column":18},"end":{"line":162,"column":21}},"64":{"start":{"line":164,"column":18},"end":{"line":166,"column":21}},"65":{"start":{"line":169,"column":16},"end":{"line":169,"column":36}},"66":{"start":{"line":170,"column":16},"end":{"line":170,"column":22}},"67":{"start":{"line":173,"column":16},"end":{"line":173,"column":35}},"68":{"start":{"line":174,"column":16},"end":{"line":174,"column":53}},"69":{"start":{"line":175,"column":16},"end":{"line":177,"column":19}},"70":{"start":{"line":181,"column":16},"end":{"line":181,"column":40}},"71":{"start":{"line":188,"column":8},"end":{"line":188,"column":56}},"72":{"start":{"line":191,"column":6},"end":{"line":191,"column":30}},"73":{"start":{"line":196,"column":28},"end":{"line":236,"column":9}},"74":{"start":{"line":200,"column":8},"end":{"line":235,"column":37}},"75":{"start":{"line":201,"column":10},"end":{"line":234,"column":11}},"76":{"start":{"line":202,"column":12},"end":{"line":233,"column":13}},"77":{"start":{"line":204,"column":16},"end":{"line":204,"column":35}},"78":{"start":{"line":205,"column":16},"end":{"line":205,"column":37}},"79":{"start":{"line":206,"column":16},"end":{"line":221,"column":20}},"80":{"start":{"line":207,"column":18},"end":{"line":218,"column":21}},"81":{"start":{"line":210,"column":20},"end":{"line":215,"column":23}},"82":{"start":{"line":217,"column":20},"end":{"line":217,"column":55}},"83":{"start":{"line":220,"column":18},"end":{"line":220,"column":53}},"84":{"start":{"line":224,"column":16},"end":{"line":224,"column":35}},"85":{"start":{"line":225,"column":16},"end":{"line":225,"column":53}},"86":{"start":{"line":226,"column":16},"end":{"line":228,"column":19}},"87":{"start":{"line":232,"column":16},"end":{"line":232,"column":40}},"88":{"start":{"line":239,"column":8},"end":{"line":239,"column":54}},"89":{"start":{"line":242,"column":6},"end":{"line":242,"column":28}},"90":{"start":{"line":247,"column":23},"end":{"line":286,"column":9}},"91":{"start":{"line":250,"column":8},"end":{"line":285,"column":37}},"92":{"start":{"line":251,"column":10},"end":{"line":284,"column":11}},"93":{"start":{"line":252,"column":12},"end":{"line":283,"column":13}},"94":{"start":{"line":254,"column":16},"end":{"line":254,"column":35}},"95":{"start":{"line":255,"column":16},"end":{"line":271,"column":20}},"96":{"start":{"line":256,"column":18},"end":{"line":260,"column":19}},"97":{"start":{"line":257,"column":20},"end":{"line":259,"column":23}},"98":{"start":{"line":262,"column":18},"end":{"line":268,"column":21}},"99":{"start":{"line":263,"column":20},"end":{"line":265,"column":23}},"100":{"start":{"line":267,"column":20},"end":{"line":267,"column":55}},"101":{"start":{"line":270,"column":18},"end":{"line":270,"column":53}},"102":{"start":{"line":274,"column":16},"end":{"line":274,"column":35}},"103":{"start":{"line":275,"column":16},"end":{"line":275,"column":53}},"104":{"start":{"line":276,"column":16},"end":{"line":278,"column":19}},"105":{"start":{"line":282,"column":16},"end":{"line":282,"column":40}},"106":{"start":{"line":289,"column":8},"end":{"line":289,"column":49}},"107":{"start":{"line":292,"column":6},"end":{"line":292,"column":23}},"108":{"start":{"line":297,"column":30},"end":{"line":368,"column":9}},"109":{"start":{"line":301,"column":8},"end":{"line":367,"column":38}},"110":{"start":{"line":302,"column":10},"end":{"line":366,"column":11}},"111":{"start":{"line":303,"column":12},"end":{"line":365,"column":13}},"112":{"start":{"line":305,"column":16},"end":{"line":305,"column":35}},"113":{"start":{"line":306,"column":16},"end":{"line":306,"column":42}},"114":{"start":{"line":308,"column":16},"end":{"line":311,"column":17}},"115":{"start":{"line":309,"column":18},"end":{"line":309,"column":37}},"116":{"start":{"line":310,"column":18},"end":{"line":310,"column":24}},"117":{"start":{"line":313,"column":16},"end":{"line":315,"column":20}},"118":{"start":{"line":318,"column":16},"end":{"line":318,"column":35}},"119":{"start":{"line":319,"column":16},"end":{"line":319,"column":67}},"120":{"start":{"line":322,"column":16},"end":{"line":322,"column":41}},"121":{"start":{"line":323,"column":16},"end":{"line":323,"column":36}},"122":{"start":{"line":325,"column":16},"end":{"line":325,"column":37}},"123":{"start":{"line":326,"column":16},"end":{"line":329,"column":18}},"124":{"start":{"line":330,"column":16},"end":{"line":330,"column":36}},"125":{"start":{"line":331,"column":16},"end":{"line":331,"column":47}},"126":{"start":{"line":334,"column":16},"end":{"line":334,"column":43}},"127":{"start":{"line":336,"column":16},"end":{"line":339,"column":17}},"128":{"start":{"line":337,"column":18},"end":{"line":337,"column":38}},"129":{"start":{"line":338,"column":18},"end":{"line":338,"column":24}},"130":{"start":{"line":341,"column":16},"end":{"line":344,"column":19}},"131":{"start":{"line":345,"column":16},"end":{"line":345,"column":36}},"132":{"start":{"line":346,"column":16},"end":{"line":346,"column":22}},"133":{"start":{"line":349,"column":16},"end":{"line":349,"column":79}},"134":{"start":{"line":352,"column":16},"end":{"line":352,"column":36}},"135":{"start":{"line":353,"column":16},"end":{"line":353,"column":22}},"136":{"start":{"line":356,"column":16},"end":{"line":356,"column":36}},"137":{"start":{"line":357,"column":16},"end":{"line":357,"column":53}},"138":{"start":{"line":358,"column":16},"end":{"line":360,"column":19}},"139":{"start":{"line":364,"column":16},"end":{"line":364,"column":40}},"140":{"start":{"line":371,"column":8},"end":{"line":371,"column":56}},"141":{"start":{"line":374,"column":6},"end":{"line":374,"column":30}},"142":{"start":{"line":377,"column":2},"end":{"line":377,"column":28}},"143":{"start":{"line":380,"column":15},"end":{"line":380,"column":33}},"144":{"start":{"line":381,"column":0},"end":{"line":381,"column":30}}},"fnMap":{"0":{"name":"(anonymous_0)","decl":{"start":{"line":29,"column":0},"end":{"line":29,"column":1}},"loc":{"start":{"line":29,"column":12},"end":{"line":378,"column":1}},"line":29},"1":{"name":"businessController","decl":{"start":{"line":30,"column":11},"end":{"line":30,"column":29}},"loc":{"start":{"line":30,"column":32},"end":{"line":32,"column":3}},"line":30},"2":{"name":"(anonymous_2)","decl":{"start":{"line":36,"column":11},"end":{"line":36,"column":12}},"loc":{"start":{"line":36,"column":23},"end":{"line":112,"column":5}},"line":36},"3":{"name":"_callee","decl":{"start":{"line":39,"column":44},"end":{"line":39,"column":51}},"loc":{"start":{"line":39,"column":62},"end":{"line":105,"column":7}},"line":39},"4":{"name":"_callee$","decl":{"start":{"line":41,"column":53},"end":{"line":41,"column":61}},"loc":{"start":{"line":41,"column":72},"end":{"line":104,"column":9}},"line":41},"5":{"name":"createBusiness","decl":{"start":{"line":107,"column":15},"end":{"line":107,"column":29}},"loc":{"start":{"line":107,"column":39},"end":{"line":109,"column":7}},"line":107},"6":{"name":"(anonymous_6)","decl":{"start":{"line":115,"column":11},"end":{"line":115,"column":12}},"loc":{"start":{"line":115,"column":23},"end":{"line":140,"column":5}},"line":115},"7":{"name":"_callee2","decl":{"start":{"line":118,"column":44},"end":{"line":118,"column":52}},"loc":{"start":{"line":118,"column":63},"end":{"line":133,"column":7}},"line":118},"8":{"name":"_callee2$","decl":{"start":{"line":119,"column":53},"end":{"line":119,"column":62}},"loc":{"start":{"line":119,"column":74},"end":{"line":132,"column":9}},"line":119},"9":{"name":"(anonymous_9)","decl":{"start":{"line":123,"column":76},"end":{"line":123,"column":77}},"loc":{"start":{"line":123,"column":91},"end":{"line":125,"column":17}},"line":123},"10":{"name":"findAllBusiness","decl":{"start":{"line":135,"column":15},"end":{"line":135,"column":30}},"loc":{"start":{"line":135,"column":41},"end":{"line":137,"column":7}},"line":135},"11":{"name":"(anonymous_11)","decl":{"start":{"line":143,"column":11},"end":{"line":143,"column":12}},"loc":{"start":{"line":143,"column":23},"end":{"line":192,"column":5}},"line":143},"12":{"name":"_callee3","decl":{"start":{"line":146,"column":44},"end":{"line":146,"column":52}},"loc":{"start":{"line":146,"column":63},"end":{"line":185,"column":7}},"line":146},"13":{"name":"_callee3$","decl":{"start":{"line":148,"column":53},"end":{"line":148,"column":62}},"loc":{"start":{"line":148,"column":74},"end":{"line":184,"column":9}},"line":148},"14":{"name":"findBusinessById","decl":{"start":{"line":187,"column":15},"end":{"line":187,"column":31}},"loc":{"start":{"line":187,"column":42},"end":{"line":189,"column":7}},"line":187},"15":{"name":"(anonymous_15)","decl":{"start":{"line":195,"column":11},"end":{"line":195,"column":12}},"loc":{"start":{"line":195,"column":23},"end":{"line":243,"column":5}},"line":195},"16":{"name":"_callee4","decl":{"start":{"line":198,"column":44},"end":{"line":198,"column":52}},"loc":{"start":{"line":198,"column":63},"end":{"line":236,"column":7}},"line":198},"17":{"name":"_callee4$","decl":{"start":{"line":200,"column":53},"end":{"line":200,"column":62}},"loc":{"start":{"line":200,"column":74},"end":{"line":235,"column":9}},"line":200},"18":{"name":"(anonymous_18)","decl":{"start":{"line":206,"column":98},"end":{"line":206,"column":99}},"loc":{"start":{"line":206,"column":114},"end":{"line":219,"column":17}},"line":206},"19":{"name":"(anonymous_19)","decl":{"start":{"line":209,"column":26},"end":{"line":209,"column":27}},"loc":{"start":{"line":209,"column":53},"end":{"line":216,"column":19}},"line":209},"20":{"name":"(anonymous_20)","decl":{"start":{"line":216,"column":30},"end":{"line":216,"column":31}},"loc":{"start":{"line":216,"column":46},"end":{"line":218,"column":19}},"line":216},"21":{"name":"(anonymous_21)","decl":{"start":{"line":219,"column":28},"end":{"line":219,"column":29}},"loc":{"start":{"line":219,"column":45},"end":{"line":221,"column":17}},"line":219},"22":{"name":"modifyBusiness","decl":{"start":{"line":238,"column":15},"end":{"line":238,"column":29}},"loc":{"start":{"line":238,"column":40},"end":{"line":240,"column":7}},"line":238},"23":{"name":"(anonymous_23)","decl":{"start":{"line":246,"column":11},"end":{"line":246,"column":12}},"loc":{"start":{"line":246,"column":23},"end":{"line":293,"column":5}},"line":246},"24":{"name":"_callee5","decl":{"start":{"line":249,"column":44},"end":{"line":249,"column":52}},"loc":{"start":{"line":249,"column":63},"end":{"line":286,"column":7}},"line":249},"25":{"name":"_callee5$","decl":{"start":{"line":250,"column":53},"end":{"line":250,"column":62}},"loc":{"start":{"line":250,"column":74},"end":{"line":285,"column":9}},"line":250},"26":{"name":"(anonymous_26)","decl":{"start":{"line":255,"column":98},"end":{"line":255,"column":99}},"loc":{"start":{"line":255,"column":114},"end":{"line":269,"column":17}},"line":255},"27":{"name":"(anonymous_27)","decl":{"start":{"line":262,"column":45},"end":{"line":262,"column":46}},"loc":{"start":{"line":262,"column":57},"end":{"line":266,"column":19}},"line":262},"28":{"name":"(anonymous_28)","decl":{"start":{"line":266,"column":30},"end":{"line":266,"column":31}},"loc":{"start":{"line":266,"column":47},"end":{"line":268,"column":19}},"line":266},"29":{"name":"(anonymous_29)","decl":{"start":{"line":269,"column":28},"end":{"line":269,"column":29}},"loc":{"start":{"line":269,"column":45},"end":{"line":271,"column":17}},"line":269},"30":{"name":"deleteBus","decl":{"start":{"line":288,"column":15},"end":{"line":288,"column":24}},"loc":{"start":{"line":288,"column":36},"end":{"line":290,"column":7}},"line":288},"31":{"name":"(anonymous_31)","decl":{"start":{"line":296,"column":11},"end":{"line":296,"column":12}},"loc":{"start":{"line":296,"column":23},"end":{"line":375,"column":5}},"line":296},"32":{"name":"_callee6","decl":{"start":{"line":299,"column":44},"end":{"line":299,"column":52}},"loc":{"start":{"line":299,"column":63},"end":{"line":368,"column":7}},"line":299},"33":{"name":"_callee6$","decl":{"start":{"line":301,"column":53},"end":{"line":301,"column":62}},"loc":{"start":{"line":301,"column":74},"end":{"line":367,"column":9}},"line":301},"34":{"name":"registerBusiness","decl":{"start":{"line":370,"column":15},"end":{"line":370,"column":31}},"loc":{"start":{"line":370,"column":44},"end":{"line":372,"column":7}},"line":370}},"branchMap":{"0":{"loc":{"start":{"line":43,"column":12},"end":{"line":102,"column":13}},"type":"switch","locations":[{"start":{"line":44,"column":14},"end":{"line":57,"column":19}},{"start":{"line":59,"column":14},"end":{"line":68,"column":51}},{"start":{"line":70,"column":14},"end":{"line":81,"column":22}},{"start":{"line":83,"column":14},"end":{"line":86,"column":19}},{"start":{"line":88,"column":14},"end":{"line":90,"column":22}},{"start":{"line":92,"column":14},"end":{"line":97,"column":19}},{"start":{"line":99,"column":14},"end":{"line":99,"column":22}},{"start":{"line":100,"column":14},"end":{"line":101,"column":39}}],"line":43},"1":{"loc":{"start":{"line":62,"column":16},"end":{"line":65,"column":17}},"type":"if","locations":[{"start":{"line":62,"column":16},"end":{"line":65,"column":17}},{"start":{"line":62,"column":16},"end":{"line":65,"column":17}}],"line":62},"2":{"loc":{"start":{"line":73,"column":16},"end":{"line":78,"column":17}},"type":"if","locations":[{"start":{"line":73,"column":16},"end":{"line":78,"column":17}},{"start":{"line":73,"column":16},"end":{"line":78,"column":17}}],"line":73},"3":{"loc":{"start":{"line":121,"column":12},"end":{"line":130,"column":13}},"type":"switch","locations":[{"start":{"line":122,"column":14},"end":{"line":125,"column":20}},{"start":{"line":127,"column":14},"end":{"line":127,"column":21}},{"start":{"line":128,"column":14},"end":{"line":129,"column":40}}],"line":121},"4":{"loc":{"start":{"line":150,"column":12},"end":{"line":182,"column":13}},"type":"switch","locations":[{"start":{"line":151,"column":14},"end":{"line":154,"column":58}},{"start":{"line":156,"column":14},"end":{"line":170,"column":22}},{"start":{"line":172,"column":14},"end":{"line":177,"column":19}},{"start":{"line":179,"column":14},"end":{"line":179,"column":22}},{"start":{"line":180,"column":14},"end":{"line":181,"column":40}}],"line":150},"5":{"loc":{"start":{"line":159,"column":16},"end":{"line":167,"column":17}},"type":"if","locations":[{"start":{"line":159,"column":16},"end":{"line":167,"column":17}},{"start":{"line":159,"column":16},"end":{"line":167,"column":17}}],"line":159},"6":{"loc":{"start":{"line":202,"column":12},"end":{"line":233,"column":13}},"type":"switch","locations":[{"start":{"line":203,"column":14},"end":{"line":221,"column":20}},{"start":{"line":223,"column":14},"end":{"line":228,"column":19}},{"start":{"line":230,"column":14},"end":{"line":230,"column":21}},{"start":{"line":231,"column":14},"end":{"line":232,"column":40}}],"line":202},"7":{"loc":{"start":{"line":208,"column":26},"end":{"line":208,"column":43}},"type":"binary-expr","locations":[{"start":{"line":208,"column":26},"end":{"line":208,"column":30}},{"start":{"line":208,"column":34},"end":{"line":208,"column":43}}],"line":208},"8":{"loc":{"start":{"line":213,"column":30},"end":{"line":213,"column":58}},"type":"binary-expr","locations":[{"start":{"line":213,"column":30},"end":{"line":213,"column":34}},{"start":{"line":213,"column":38},"end":{"line":213,"column":58}}],"line":213},"9":{"loc":{"start":{"line":252,"column":12},"end":{"line":283,"column":13}},"type":"switch","locations":[{"start":{"line":253,"column":14},"end":{"line":271,"column":20}},{"start":{"line":273,"column":14},"end":{"line":278,"column":19}},{"start":{"line":280,"column":14},"end":{"line":280,"column":21}},{"start":{"line":281,"column":14},"end":{"line":282,"column":40}}],"line":252},"10":{"loc":{"start":{"line":256,"column":18},"end":{"line":260,"column":19}},"type":"if","locations":[{"start":{"line":256,"column":18},"end":{"line":260,"column":19}},{"start":{"line":256,"column":18},"end":{"line":260,"column":19}}],"line":256},"11":{"loc":{"start":{"line":303,"column":12},"end":{"line":365,"column":13}},"type":"switch","locations":[{"start":{"line":304,"column":14},"end":{"line":315,"column":20}},{"start":{"line":317,"column":14},"end":{"line":319,"column":67}},{"start":{"line":321,"column":14},"end":{"line":331,"column":47}},{"start":{"line":333,"column":14},"end":{"line":346,"column":22}},{"start":{"line":348,"column":14},"end":{"line":349,"column":79}},{"start":{"line":351,"column":14},"end":{"line":353,"column":22}},{"start":{"line":355,"column":14},"end":{"line":360,"column":19}},{"start":{"line":362,"column":14},"end":{"line":362,"column":22}},{"start":{"line":363,"column":14},"end":{"line":364,"column":40}}],"line":303},"12":{"loc":{"start":{"line":308,"column":16},"end":{"line":311,"column":17}},"type":"if","locations":[{"start":{"line":308,"column":16},"end":{"line":311,"column":17}},{"start":{"line":308,"column":16},"end":{"line":311,"column":17}}],"line":308},"13":{"loc":{"start":{"line":336,"column":16},"end":{"line":339,"column":17}},"type":"if","locations":[{"start":{"line":336,"column":16},"end":{"line":339,"column":17}},{"start":{"line":336,"column":16},"end":{"line":339,"column":17}}],"line":336}},"s":{"0":1,"1":1,"2":1,"3":1,"4":1,"5":1,"6":1,"7":1,"8":1,"9":1,"10":1,"11":1,"12":1,"13":0,"14":1,"15":1,"16":0,"17":0,"18":0,"19":0,"20":0,"21":0,"22":0,"23":0,"24":0,"25":0,"26":0,"27":0,"28":0,"29":0,"30":0,"31":0,"32":0,"33":0,"34":0,"35":0,"36":0,"37":0,"38":0,"39":0,"40":0,"41":0,"42":0,"43":0,"44":1,"45":1,"46":0,"47":0,"48":0,"49":0,"50":0,"51":0,"52":0,"53":1,"54":1,"55":0,"56":0,"57":0,"58":0,"59":0,"60":0,"61":0,"62":0,"63":0,"64":0,"65":0,"66":0,"67":0,"68":0,"69":0,"70":0,"71":0,"72":1,"73":1,"74":0,"75":0,"76":0,"77":0,"78":0,"79":0,"80":0,"81":0,"82":0,"83":0,"84":0,"85":0,"86":0,"87":0,"88":0,"89":1,"90":1,"91":0,"92":0,"93":0,"94":0,"95":0,"96":0,"97":0,"98":0,"99":0,"100":0,"101":0,"102":0,"103":0,"104":0,"105":0,"106":0,"107":1,"108":1,"109":0,"110":0,"111":0,"112":0,"113":0,"114":0,"115":0,"116":0,"117":0,"118":0,"119":0,"120":0,"121":0,"122":0,"123":0,"124":0,"125":0,"126":0,"127":0,"128":0,"129":0,"130":0,"131":0,"132":0,"133":0,"134":0,"135":0,"136":0,"137":0,"138":0,"139":0,"140":0,"141":1,"142":1,"143":1,"144":1},"f":{"0":1,"1":0,"2":1,"3":0,"4":0,"5":0,"6":1,"7":0,"8":0,"9":0,"10":0,"11":1,"12":0,"13":0,"14":0,"15":1,"16":0,"17":0,"18":0,"19":0,"20":0,"21":0,"22":0,"23":1,"24":0,"25":0,"26":0,"27":0,"28":0,"29":0,"30":0,"31":1,"32":0,"33":0,"34":0},"b":{"0":[0,0,0,0,0,0,0,0],"1":[0,0],"2":[0,0],"3":[0,0,0],"4":[0,0,0,0,0],"5":[0,0],"6":[0,0,0,0],"7":[0,0],"8":[0,0],"9":[0,0,0,0],"10":[0,0],"11":[0,0,0,0,0,0,0,0,0],"12":[0,0],"13":[0,0]},"inputSourceMap":{"version":3,"sources":["businessController.js"],"names":["Businesses","model","Users","businessController","req","res","name","body","userId","params","business","findOne","where","id","findUser","create","createBus","status","json","message","dataValues","error","send","findAll","then","bus","findByPk","findBus","businessId","busi","update","updatedBusiness","date","erro","destroy","token","headers","processToken","verifyToken","verifyT"],"mappings":";;;;;;;;;;;;;;;;;AAAA;;AACA;;AACA;;IAEQA,U,GAAeC,kB,CAAfD,U;IACAE,K,GAAUD,kB,CAAVC,K;;IAEAC,kB;;;;;;;;;;;;oDAEwBC,G,EAAIC,G;;;;;;;AAIhBC,gBAAAA,I,GAASF,GAAG,CAACG,I,CAAbD,I;AACAE,gBAAAA,M,GAAWJ,GAAG,CAACK,M,CAAfD,M;AAEFE,gBAAAA,Q,GAAW;AACbJ,kBAAAA,IAAI,EAAJA,IADa;AAEbE,kBAAAA,MAAM,EAANA;AAFa,iB;;uBAMMN,KAAK,CAACS,OAAN,CAAe;AAAEC,kBAAAA,KAAK,EAAE;AAAEC,oBAAAA,EAAE,EAAGL;AAAP;AAAT,iBAAf,C;;;AAAjBM,gBAAAA,Q;;qBAEHA,Q;;;;;;uBACyBd,UAAU,CAACe,MAAX,CAAkBL,QAAlB,C;;;AAAlBM,gBAAAA,S;;AAEN,oBAAGA,SAAH,EAAa;AACTX,kBAAAA,GAAG,CAACY,MAAJ,CAAW,GAAX,EAAgBC,IAAhB,CAAqB;AACjBC,oBAAAA,OAAO,EAAE,+BADQ;AAEjBT,oBAAAA,QAAQ,EAAEM,SAAS,CAACI;AAFH,mBAArB;AAIH;;;;;;AAGDf,gBAAAA,GAAG,CAACY,MAAJ,CAAW,GAAX,EAAgBC,IAAhB,CAAqB;AACjBG,kBAAAA,KAAK,EAAE;AADU,iBAArB;;;;;;;;;AAMJhB,gBAAAA,GAAG,CAACY,MAAJ,CAAW,GAAX,EAAgBK,IAAhB,CAAqB;AACjBH,kBAAAA,OAAO,EAAE;AADQ,iBAArB;;;;;;;;;;;;;;;;;;;;;qDAQqBf,G,EAAIC,G;;;;;kDAEtBL,UAAU,CAChBuB,OADM,GAENC,IAFM,CAED,UAAAC,GAAG,EAAI;AACTpB,kBAAAA,GAAG,CAACY,MAAJ,CAAW,GAAX,EAAgBK,IAAhB,CAAsBG,GAAtB;AAEH,iBALM,C;;;;;;;;;;;;;;;;;;;;;qDAUmBrB,G,EAAIC,G;;;;;;;;uBAGJL,UAAU,CAAC0B,QAAX,CAAoBtB,GAAG,CAACK,MAAJ,CAAWI,EAA/B,C;;;AAAhBc,gBAAAA,O;;AAEN,oBAAGA,OAAH,EAAW;AACPtB,kBAAAA,GAAG,CAACY,MAAJ,CAAW,GAAX,EAAgBC,IAAhB,CAAqB;AACjBO,oBAAAA,GAAG,EAAEE,OAAO,CAACP;AADI,mBAArB;AAGH,iBAJD,MAKI;AACAf,kBAAAA,GAAG,CAACY,MAAJ,CAAW,GAAX,EAAgBC,IAAhB,CAAqB;AACjBC,oBAAAA,OAAO,EAAE;AADQ,mBAArB;AAGH;;;;;;;;AAEDd,gBAAAA,GAAG,CAACY,MAAJ,CAAW,GAAX,EAAgBK,IAAhB,CAAqB;AACjBH,kBAAAA,OAAO,EAAE;AADQ,iBAArB;;;;;;;;;;;;;;;;;;;;;qDAMoBf,G,EAAIC,G;;;;;;;AAGhBC,gBAAAA,I,GAASF,GAAG,CAACG,I,CAAbD,I;kDACDN,UAAU,CAChB0B,QADM,CACGtB,GAAG,CAACK,MAAJ,CAAWmB,UADd,EAENJ,IAFM,CAED,UAAAK,IAAI,EAAI;AACVA,kBAAAA,IAAI,CAACC,MAAL,CAAY;AACRxB,oBAAAA,IAAI,EAAEA,IAAI,IAAIuB,IAAI,CAACvB;AADX,mBAAZ,EAGCkB,IAHD,CAGM,UAACO,eAAD,EAAqB;AACvB1B,oBAAAA,GAAG,CAACY,MAAJ,CAAW,GAAX,EAAgBK,IAAhB,CAAqB;AACjBH,sBAAAA,OAAO,EAAE,+BADQ;AAEjBa,sBAAAA,IAAI,EAAE;AACF1B,wBAAAA,IAAI,EAAEA,IAAI,IAAIyB,eAAe,CAACzB;AAD5B;AAFW,qBAArB;AAMH,mBAVD,WAWO,UAAA2B,IAAI;AAAA,2BAAI5B,GAAG,CAACY,MAAJ,CAAW,GAAX,EAAgBK,IAAhB,CAAqBD,KAArB,CAAJ;AAAA,mBAXX;AAYH,iBAfM,WAgBA,UAAAA,KAAK;AAAA,yBAAIhB,GAAG,CAACY,MAAJ,CAAW,GAAX,EAAgBK,IAAhB,CAAqBD,KAArB,CAAJ;AAAA,iBAhBL,C;;;;;AAmBPhB,gBAAAA,GAAG,CAACY,MAAJ,CAAW,GAAX,EAAgBK,IAAhB,CAAqB;AACjBH,kBAAAA,OAAO,EAAE;AADQ,iBAArB;;;;;;;;;;;;;;;;;;;;;qDAMef,G,EAAIC,G;;;;;;kDAGbL,UAAU,CAChB0B,QADM,CACGtB,GAAG,CAACK,MAAJ,CAAWmB,UADd,EAENJ,IAFM,CAED,UAAAK,IAAI,EAAI;AACV,sBAAG,CAACA,IAAJ,EAAS;AACL,2BAAOxB,GAAG,CAACY,MAAJ,CAAW,GAAX,EAAgBK,IAAhB,CAAqB;AACxBH,sBAAAA,OAAO,EAAE;AADe,qBAArB,CAAP;AAGH;;AACD,yBAAOU,IAAI,CACVK,OADM,GAENV,IAFM,CAED,YAAM;AACRnB,oBAAAA,GAAG,CAACY,MAAJ,CAAW,GAAX,EAAgBK,IAAhB,CAAqB;AACjBH,sBAAAA,OAAO,EAAE;AADQ,qBAArB;AAGH,mBANM,WAOA,UAAAE,KAAK;AAAA,2BAAIhB,GAAG,CAACY,MAAJ,CAAW,GAAX,EAAgBK,IAAhB,CAAqBD,KAArB,CAAJ;AAAA,mBAPL,CAAP;AASH,iBAjBM,WAkBA,UAAAA,KAAK;AAAA,yBAAIhB,GAAG,CAACY,MAAJ,CAAW,GAAX,EAAgBK,IAAhB,CAAqBD,KAArB,CAAJ;AAAA,iBAlBL,C;;;;;AAoBNhB,gBAAAA,GAAG,CAACY,MAAJ,CAAW,GAAX,EAAgBK,IAAhB,CAAqB;AACjBH,kBAAAA,OAAO,EAAE;AADQ,iBAArB;;;;;;;;;;;;;;;;;;;;;qDAQsBf,G,EAAIC,G;;;;;;;AAGpB8B,gBAAAA,K,GAAQ/B,GAAG,CAACgC,OAAJ,CAAYD,K;;oBACpBA,K;;;;;kDAAc9B,GAAG,CAACY,MAAJ,CAAW,GAAX,EAAgBK,IAAhB,CAAqB;AAACH,kBAAAA,OAAO,EAAE;AAAV,iBAArB,C;;;;uBAGEkB,yBAAaC,WAAb,CAAyBH,KAAzB,C;;;AAAhBI,gBAAAA,O;AACA/B,gBAAAA,M,GAAS+B,OAAO,CAAC1B,E,EACvB;;AAEQP,gBAAAA,I,GAASF,GAAG,CAACG,I,CAAbD,I;AACFuB,gBAAAA,I,GAAO;AACTvB,kBAAAA,IAAI,EAAJA,IADS;AAETE,kBAAAA,MAAM,EAANA;AAFS,iB;;uBAIWR,UAAU,CAACe,MAAX,CAAkBc,IAAlB,C;;;AAAlBb,gBAAAA,S;;qBACHA,S;;;;;AACCX,gBAAAA,GAAG,CAACY,MAAJ,CAAW,GAAX,EAAgBC,IAAhB,CAAqB;AACjBC,kBAAAA,OAAO,EAAE,+BADQ;AAEjBT,kBAAAA,QAAQ,EAAEM,SAAS,CAACI;AAFH,iBAArB;;;;;kDAMOf,GAAG,CAACY,MAAJ,CAAW,GAAX,EAAgBK,IAAhB,CAAqBD,KAArB,C;;;;;;;;;AAIXhB,gBAAAA,GAAG,CAACY,MAAJ,CAAW,GAAX,EAAgBK,IAAhB,CAAqB;AACjBH,kBAAAA,OAAO,EAAE;AADQ,iBAArB;;;;;;;;;;;;;;;;;;;;eAQOhB,kB","sourceRoot":"C:\\Users\\Bella\\Desktop\\learn_PREN\\server\\controller","sourcesContent":["import model from \"../models\";\r\nimport processToken from \"../helpers/processToken\";\r\nimport jwt from \"jsonwebtoken\";\r\n\r\nconst { Businesses } = model;\r\nconst { Users } = model;\r\n\r\n  class businessController{\r\n\r\n    static async createBusiness(req,res){\r\n\r\n        try {\r\n           \r\n            const { name } = req.body;\r\n            const { userId } = req.params;\r\n\r\n            const business = {\r\n                name,\r\n                userId\r\n            };\r\n\r\n\r\n            const findUser = await Users.findOne( { where: { id : userId }});\r\n\r\n            if(findUser){\r\n                const createBus = await Businesses.create(business);\r\n\r\n                if(createBus){\r\n                    res.status(201).json({\r\n                        message: \"Business created successfully\",\r\n                        business: createBus.dataValues\r\n                    });\r\n                }\r\n            }\r\n            else{\r\n                res.status(404).json({\r\n                    error: \"User not found\"\r\n                })\r\n            }\r\n\r\n        } catch (error) {\r\n            res.status(500).send({\r\n                message: \"System error: \"
[...]
"7":[0,0],"8":[0,0,0,0],"9":[0,0,0,0]},"inputSourceMap":{"version":3,"sources":["productController.js"],"names":["Products","model","Businesses","ProductController","req","res","body","productName","price","category","businessId","params","product","findOne","where","id","findBusiness","status","json","message","create","prod","findAll","then","prods","send","findByPk","productId","update","updatedProduct","error","destroy"],"mappings":";;;;;;;;;;;;;;;;;AAAA;;IAEQA,Q,GAAaC,kB,CAAbD,Q;IACAE,U,GAAcD,kB,CAAdC,U;;IAEFC,iB;;;;;;;;;;;;oDAEyBC,G,EAAIC,G;;;;;;;;4BAGgBD,GAAG,CAACE,I,EAAnCC,W,aAAAA,W,EAAYC,K,aAAAA,K,EAAMC,Q,aAAAA,Q;AAClBC,gBAAAA,U,GAAeN,GAAG,CAACO,M,CAAnBD,U;AAEFE,gBAAAA,O,GAAU;AACZF,kBAAAA,UAAU,EAAVA,UADY;AAEZH,kBAAAA,WAAW,EAAXA,WAFY;AAGZC,kBAAAA,KAAK,EAALA,KAHY;AAIZC,kBAAAA,QAAQ,EAARA;AAJY,iB;;uBAOWP,UAAU,CAACW,OAAX,CAAmB;AAC1CC,kBAAAA,KAAK,EAAE;AACHC,oBAAAA,EAAE,EAAGL;AADF;AADmC,iBAAnB,C;;;AAArBM,gBAAAA,Y;;oBAMFA,Y;;;;;iDACOX,GAAG,CAACY,MAAJ,CAAW,GAAX,EAAgBC,IAAhB,CAAqB;AACxBC,kBAAAA,OAAO,EAAE;AADe,iBAArB,C;;;;uBAKQnB,QAAQ,CAACoB,MAAT,CAAgBR,OAAhB,C;;;AAAbS,gBAAAA,I;;AACN,oBAAGA,IAAH,EAAQ;AACJhB,kBAAAA,GAAG,CAACY,MAAJ,CAAW,GAAX,EAAgBC,IAAhB,CAAqB;AACjBC,oBAAAA,OAAO,EAAE,8BADQ;AAEjBE,oBAAAA,IAAI,EAAJA;AAFiB,mBAArB;AAIH,iBALD,MAMI;AACAhB,kBAAAA,GAAG,CAACY,MAAJ,CAAW,GAAX,EAAgBC,IAAhB,CAAqB;AACjBC,oBAAAA,OAAO,EAAE;AADQ,mBAArB;AAGH;;;;;;;;AAGDd,gBAAAA,GAAG,CAACY,MAAJ,CAAW,GAAX,EAAgBC,IAAhB,CAAqB;AACjBC,kBAAAA,OAAO,EAAE;AADQ,iBAArB;;;;;;;;;;;;;;;;;;;;;qDAMgBf,G,EAAIC,G;;;;;kDAEbL,QAAQ,CACdsB,OADM,GAENC,IAFM,CAED,UAAAC,KAAK,EAAI;AACXnB,kBAAAA,GAAG,CAACY,MAAJ,CAAW,GAAX,EAAgBQ,IAAhB,CAAsBD,KAAtB;AACH,iBAJM,C;;;;;;;;;;;;;;;;;;;;;qDAQYpB,G,EAAIC,G;;;;;;;;6BAEeD,GAAG,CAACE,I,EAAnCC,W,cAAAA,W,EAAYC,K,cAAAA,K,EAAMC,Q,cAAAA,Q;kDACnBT,QAAQ,CACd0B,QADM,CACGtB,GAAG,CAACO,MAAJ,CAAWgB,SADd,EAENJ,IAFM,CAED,UAAAF,IAAI,EAAI;AACVA,kBAAAA,IAAI,CAACO,MAAL,CAAY;AACRrB,oBAAAA,WAAW,EAAEA,WAAW,IAAIc,IAAI,CAACd,WADzB;AAERC,oBAAAA,KAAK,EAAEA,KAAK,IAAIa,IAAI,CAACb,KAFb;AAGRC,oBAAAA,QAAQ,EAAEA,QAAQ,IAAIY,IAAI,CAACZ;AAHnB,mBAAZ,EAKCc,IALD,CAKM,UAAAM,cAAc,EAAI;AACpBxB,oBAAAA,GAAG,CAACY,MAAJ,CAAW,GAAX,EAAgBC,IAAhB,CAAqB;AACjBC,sBAAAA,OAAO,EAAE,8BADQ;AAEjBU,sBAAAA,cAAc,EAAdA;AAFiB,qBAArB;AAIH,mBAVD,WAWO,UAAAC,KAAK;AAAA,2BAAIzB,GAAG,CAACY,MAAJ,CAAW,GAAX,EAAgBC,IAAhB,CAAqB;AAAEY,sBAAAA,KAAK,EAAE;AAAT,qBAArB,CAAJ;AAAA,mBAXZ;AAYH,iBAfM,WAgBA,UAAAA,KAAK;AAAA,yBAAIzB,GAAG,CAACY,MAAJ,CAAW,GAAX,EAAgBQ,IAAhB,CAAqB;AAAEN,oBAAAA,OAAO,EAAE;AAAX,mBAArB,CAAJ;AAAA,iBAhBL,C;;;;;AAoBPd,gBAAAA,GAAG,CAACY,MAAJ,CAAW,GAAX,EAAgBQ,IAAhB,CAAqB;AACjBN,kBAAAA,OAAO,EAAE;AADQ,iBAArB;;;;;;;;;;;;;;;;;;;;;qDAMoBf,G,EAAIC,G;;;;;;kDAGhBL,QAAQ,CACd0B,QADM,CACGtB,GAAG,CAACO,MAAJ,CAAWgB,SADd,EAENJ,IAFM,CAED,UAAAF,IAAI,EAAI;AACVA,kBAAAA,IAAI,CAACU,OAAL,GACCR,IADD,CACM;AAAA,2BAAMlB,GAAG,CAACY,MAAJ,CAAW,GAAX,EAAgBC,IAAhB,CAAqB;AAAEC,sBAAAA,OAAO,EAAE;AAAX,qBAArB,CAAN;AAAA,mBADN,WAEO,UAAAW,KAAK;AAAA,2BAAIzB,GAAG,CAACY,MAAJ,CAAW,GAAX,EAAgBC,IAAhB,CAAqB;AAACC,sBAAAA,OAAO,EAAE;AAAV,qBAArB,CAAJ;AAAA,mBAFZ;AAGH,iBANM,WAOA,UAAAW,KAAK;AAAA,yBAAIzB,GAAG,CAACY,MAAJ,CAAW,GAAX,EAAgBC,IAAhB,CAAqB;AAAEC,oBAAAA,OAAO,EAAE;AAAX,mBAArB,CAAJ;AAAA,iBAPL,C;;;;;AASPd,gBAAAA,GAAG,CAACY,MAAJ,CAAW,GAAX,EAAgBC,IAAhB,CAAqB;AACjBC,kBAAAA,OAAO,EAAE;AADQ,iBAArB;;;;;;;;;;;;;;;;;;;;;qDAMqBf,G,EAAIC,G;;;;;;kDAElBL,QAAQ,CACd0B,QADM,CACGtB,GAAG,CAACO,MAAJ,CAAWgB,SADd,EAENJ,IAFM,CAED,UAAAF,IAAI;AAAA,yBAAIhB,GAAG,CAACY,MAAJ,CAAW,GAAX,EAAgBC,IAAhB,CAAsBG,IAAtB,CAAJ;AAAA,iBAFH,WAGA,UAAAS,KAAK;AAAA,yBAAIzB,GAAG,CAACY,MAAJ,CAAW,GAAX,EAAgBC,IAAhB,CAAqB;AAAEC,oBAAAA,OAAO,EAAE,qBAAmBW;AAA9B,mBAArB,CAAJ;AAAA,iBAHL,C;;;;;AAKRzB,gBAAAA,GAAG,CAACY,MAAJ,CAAW,GAAX,EAAgBC,IAAhB,CAAqB;AAAEC,kBAAAA,OAAO,EAAE;AAAX,iBAArB;;;;;;;;;;;;;;;;;;;;eAKQhB,iB","sourceRoot":"C:\\Users\\Bella\\Desktop\\learn_PREN\\server\\controller","sourcesContent":["import model from \"../models\";\r\n\r\nconst { Products } = model;\r\nconst { Businesses} = model;\r\n\r\nclass ProductController{\r\n   \r\n    static async createProduct(req,res){\r\n        \r\n        try {\r\n            const { productName,price,category } = req.body;\r\n            const { businessId } = req.params;\r\n\r\n            const product = {\r\n                businessId,\r\n                productName,\r\n                price,\r\n                category\r\n            }\r\n\r\n            const findBusiness = await Businesses.findOne({\r\n                where: {\r\n                    id : businessId\r\n                }\r\n            });\r\n\r\n            if(!findBusiness){\r\n                return res.status(404).json({\r\n                    message: \"Business selected does not exist\"\r\n                })\r\n            }\r\n\r\n            const prod = await Products.create(product);\r\n            if(prod){\r\n                res.status(200).json({\r\n                    message: \"Product successfully created\",\r\n                    prod\r\n                })\r\n            }\r\n            else{\r\n                res.status(404).json({\r\n                    message: \" Error \"\r\n                })\r\n            }\r\n\r\n        } catch (error) {\r\n            res.status(500).json({\r\n                message: \"System error : \"+error\r\n            })\r\n        }\r\n    }\r\n\r\n    static async allProduct(req,res){\r\n\r\n            return Products\r\n            .findAll()\r\n            .then(prods => {\r\n                res.status(200).send( prods )\r\n            })\r\n       \r\n    }\r\n\r\n    static async modifyProduct(req,res){\r\n        try {\r\n           const { productName,price,category } = req.body;\r\n           return Products\r\n           .findByPk(req.params.productId)\r\n           .then(prod => {\r\n               prod.update({\r\n                   productName: productName || prod.productName,\r\n                   price: price || prod.price,\r\n                   category: category || prod.category\r\n               })\r\n               .then(updatedProduct => {\r\n                   res.status(200).json({\r\n                       message: \"Product updated successfully\",\r\n                       updatedProduct\r\n                   })\r\n               })\r\n               .catch(error => res.status(404).json({ error: \"could not update\" }))\r\n           })\r\n           .catch(error => res.status(404).send({ message: \"product not found\" }))\r\n\r\n            \r\n        } catch (error) {\r\n           res.status(404).send({\r\n               message: \"System error : \"+error\r\n           }) \r\n        }\r\n    }\r\n\r\n    static async deleteProduct(req,res){\r\n        try {\r\n            \r\n            return Products\r\n            .findByPk(req.params.productId)\r\n            .then(prod => {\r\n                prod.destroy()\r\n                .then(() => res.status(200).json({ message: \"Product deleted successfully \"}))\r\n                .catch(error => res.status(404).json({message: \"Could not delete product \"}))\r\n            })\r\n            .catch(error => res.status(404).json({ message: \" Product not found \" }))\r\n        } catch (error) {\r\n            res.status(500).json({\r\n                message: \"System Error : \"+error\r\n            })\r\n        }\r\n    }\r\n\r\n    static async findProductById(req,res){\r\n        try {\r\n            return Products\r\n            .findByPk(req.params.productId)\r\n            .then(prod => res.status(200).json( prod ))\r\n            .catch(error => res.status(500).json({ message: \"Error occured : \"+error }))\r\n        } catch (error) {\r\n           res.status(500).json({ message: \"System Error: \"+error }) \r\n        }\r\n    }\r\n}\r\n\r\n    export default ProductController;"]},"_coverageSchema":"1a1c01bbd47fc00a2c39e90264f33305004495a9","hash":"0c3aff84a8e21cb174dc53a1bda3a1d242919864","contentHash":"3dc2f15b5c1d1cc89e4412b150ec6c761301a42ca62ef8b8cd6b653179cb205a"},"C:\\Users\\Bella\\Desktop\\learn_PREN\\server\\middleware\\user.js":{"path":"C:\\Users\\Bella\\Desktop\\learn_PREN\\server\\middleware\\user.js","statementMap":{"0":{"start":{"line":3,"column":29},"end":{"line":3,"column":84}},"1":{"start":{"line":5,"column":0},"end":{"line":7,"column":3}},"2":{"start":{"line":8,"column":0},"end":{"line":8,"column":28}},"3":{"start":{"line":10,"column":19},"end":{"line":10,"column":80}},"4":{"start":{"line":12,"column":25},"end":{"line":12,"column":99}},"5":{"start":{"line":14,"column":23},"end":{"line":14,"column":95}},"6":{"start":{"line":16,"column":20},"end":{"line":16,"column":89}},"7":{"start":{"line":18,"column":17},"end":{"line":18,"column":72}},"8":{"start":{"line":20,"column":14},"end":{"line":20,"column":58}},"9":{"start":{"line":22,"column":12},"end":{"line":22,"column":36}},"10":{"start":{"line":26,"column":0},"end":{"line":93,"column":3}},"11":{"start":{"line":28,"column":4},"end":{"line":28,"column":59}},"12":{"start":{"line":31,"column":2},"end":{"line":91,"column":6}},"13":{"start":{"line":34,"column":25},"end":{"line":83,"column":9}},"14":{"start":{"line":39,"column":8},"end":{"line":82,"column":20}},"15":{"start":{"line":40,"column":10},"end":{"line":81,"column":11}},"16":{"start":{"line":41,"column":12},"end":{"line":80,"column":13}},"17":{"start":{"line":43,"column":16},"end":{"line":43,"column":124}},"18":{"start":{"line":45,"column":16},"end":{"line":48,"column":17}},"19":{"start":{"line":46,"column":18},"end":{"line":46,"column":36}},"20":{"start":{"line":47,"column":18},"end":{"line":47,"column":24}},"21":{"start":{"line":50,"column":16},"end":{"line":52,"column":20}},"22":{"start":{"line":55,"column":16},"end":{"line":58,"column":17}},"23":{"start":{"line":56,"column":18},"end":{"line":56,"column":36}},"24":{"start":{"line":57,"column":18},"end":{"line":57,"column":24}},"25":{"start":{"line":60,"column":16},"end":{"line":62,"column":20}},"26":{"start":{"line":65,"column":16},"end":{"line":68,"column":17}},"27":{"start":{"line":66,"column":18},"end":{"line":66,"column":37}},"28":{"start":{"line":67,"column":18},"end":{"line":67,"column":24}},"29":{"start":{"line":70,"column":16},"end":{"line":72,"column":20}},"30":{"start":{"line":75,"column":16},"end":{"line":75,"column":23}},"31":{"start":{"line":79,"column":16},"end":{"line":79,"column":39}},"32":{"start":{"line":86,"column":8},"end":{"line":86,"column":51}},"33":{"start":{"line":89,"column":6},"end":{"line":89,"column":25}},"34":{"start":{"line":92,"column":2},"end":{"line":92,"column":24}},"35":{"start":{"line":95,"column":15},"end":{"line":95,"column":29}},"36":{"start":{"line":96,"column":0},"end":{"line":96,"column":30}}},"fnMap":{"0":{"name":"(anonymous_0)","decl":{"start":{"line":26,"column":0},"end":{"line":26,"column":1}},"loc":{"start":{"line":26,"column":12},"end":{"line":93,"column":1}},"line":26},"1":{"name":"UserMiddleware","decl":{"start":{"line":27,"column":11},"end":{"line":27,"column":25}},"loc":{"start":{"line":27,"column":28},"end":{"line":29,"column":3}},"line":27},"2":{"name":"(anonymous_2)","decl":{"start":{"line":33,"column":11},"end":{"line":33,"column":12}},"loc":{"start":{"line":33,"column":23},"end":{"line":90,"column":5}},"line":33},"3":{"name":"_callee","decl":{"start":{"line":36,"column":44},"end":{"line":36,"column":51}},"loc":{"start":{"line":36,"column":68},"end":{"line":83,"column":7}},"line":36},"4":{"name":"_callee$","decl":{"start":{"line":39,"column":53},"end":{"line":39,"column":61}},"loc":{"start":{"line":39,"column":72},"end":{"line":82,"column":9}},"line":39},"5":{"name":"checkSignUp","decl":{"start":{"line":85,"column":15},"end":{"line":85,"column":26}},"loc":{"start":{"line":85,"column":41},"end":{"line":87,"column":7}},"line":85}},"branchMap":{"0":{"loc":{"start":{"line":41,"column":12},"end":{"line":80,"column":13}},"type":"switch","locations":[{"start":{"line":42,"column":14},"end":{"line":52,"column":20}},{"start":{"line":54,"column":14},"end":{"line":62,"column":20}},{"start":{"line":64,"column":14},"end":{"line":72,"column":20}},{"start":{"line":74,"column":14},"end":{"line":75,"column":23}},{"start":{"line":77,"column":14},"end":{"line":77,"column":22}},{"start":{"line":78,"column":14},"end":{"line":79,"column":39}}],"line":41},"1":{"loc":{"start":{"line":45,"column":16},"end":{"line":48,"column":17}},"type":"if","locations":[{"start":{"line":45,"column":16},"end":{"line":48,"column":17}},{"start":{"line":45,"column":16},"end":{"line":48,"column":17}}],"line":45},"2":{"loc":{"start":{"line":55,"column":16},"end":{"line":58,"column":17}},"type":"if","locations":[{"start":{"line":55,"column":16},"end":{"line":58,"column":17}},{"start":{"line":55,"column":16},"end":{"line":58,"column":17}}],"line":55},"3":{"loc":{"start":{"line":65,"column":16},"end":{"line":68,"column":17}},"type":"if","locations":[{"start":{"line":65,"column":16},"end":{"line":68,"column":17}},{"start":{"line":65,"column":16},"end":{"line":68,"column":17}}],"line":65}},"s":{"0":1,"1":1,"2":1,"3":1,"4":1,"5":1,"6":1,"7":1,"8":1,"9":1,"10":1,"11":0,"12":1,"13":1,"14":0,"15":0,"16":0,"17":0,"18":0,"19":0,"20":0,"21":0,"22":0,"23":0,"24":0,"25":0,"26":0,"27":0,"28":0,"29":0,"30":0,"31":0,"32":0,"33":1,"34":1,"35":1,"36":1},"f":{"0":1,"1":0,"2":1,"3":0,"4":0,"5":0},"b":{"0":[0,0,0,0,0,0],"1":[0,0],"2":[0,0],"3":[0,0]},"inputSourceMap":{"version":3,"sources":["user.js"],"names":["Users","model","UserMiddleware","req","res","next","body","fullName","password","email","validator","isValidEmail","status","json","error","isValidPassword","isValidName"],"mappings":";;;;;;;;;;;;;;;;;AAAA;;AACA;;IAEUA,K,GAAUC,kB,CAAVD,K;;IAEJE,c;;;;;;;;;;;;oDACuBC,G,EAAIC,G,EAAIC,I;;;;;;;4BACOF,GAAG,CAACG,I,EAAhCC,Q,aAAAA,Q,EAASC,Q,aAAAA,Q,EAASC,K,aAAAA,K;;oBAEtBC,sBAAUC,YAAV,CAAuBF,KAAvB,C;;;;;iDACOL,GAAG,CAACQ,MAAJ,CAAW,GAAX,EAAgBC,IAAhB,CAAqB;AAAEC,kBAAAA,KAAK,EAAE;AAAT,iBAArB,C;;;oBAGFJ,sBAAUK,eAAV,CAA0BP,QAA1B,C;;;;;iDACEJ,GAAG,CAACQ,MAAJ,CAAW,GAAX,EAAgBC,IAAhB,CAAqB;AAAEC,kBAAAA,KAAK,EAAE;AAAT,iBAArB,C;;;oBAEFJ,sBAAUM,WAAV,CAAsBT,QAAtB,C;;;;;iDACEH,GAAG,CAACQ,MAAJ,CAAW,GAAX,EAAgBC,IAAhB,CAAqB;AAAEC,kBAAAA,KAAK,EAAE;AAAT,iBAArB,C;;;AAGXT,gBAAAA,IAAI;;;;;;;;;;;;;;;;;;;;eAKGH,c","sourceRoot":"C:\\Users\\Bella\\Desktop\\learn_PREN\\server\\middleware","sourcesContent":["import validator from \"../helpers/validator\";\r\nimport model from \"../models\";\r\n\r\n  const { Users } = model;\r\n\r\nclass UserMiddleware{\r\n    static async checkSignUp(req,res,next){\r\n        const { fullName,password,email } = req.body;\r\n\r\n        if(!validator.isValidEmail(email)){\r\n            return res.status(400).json({ error: \"Wrong email, use this format: abc@example.com\"});\r\n            \r\n        }\r\n        else if(!validator.isValidPassword(password)){\r\n            return res.status(400).json({ error: \"Invalid password\"});\r\n        }\r\n        else if(!validator.isValidName(fullName)){\r\n            return res.status(400).json({ error: \"Invalid Name\"});\r\n        }\r\n\r\n        next();\r\n\r\n    }\r\n}\r\n\r\nexport default UserMiddleware;"]},"_coverageSchema":"1a1c01bbd47fc00a2c39e90264f33305004495a9","hash":"068a24c9494857f3af1cf8224b3f1005639c6724","contentHash":"f066b1b1b87645aa0349687fb4043bf8ee06fbfece52c988c3c5cde3ef93f495"},"C:\\Users\\Bella\\Desktop\\learn_PREN\\server\\helpers\\validator.js":{"path":"C:\\Users\\Bella\\Desktop\\learn_PREN\\server\\helpers\\validator.js","statementMap":{"0":{"start":{"line":3,"column":29},"end":{"line":3,"column":84}},"1":{"start":{"line":5,"column":0},"end":{"line":7,"column":3}},"2":{"start":{"line":8,"column":0},"end":{"line":8,"column":28}},"3":{"start":{"line":10,"column":23},"end":{"line":10,"column":95}},"4":{"start":{"line":12,"column":20},"end":{"line":12,"column":89}},"5":{"start":{"line":16,"column":0},"end":{"line":49,"column":3}},"6":{"start":{"line":18,"column":4},"end":{"line":18,"column":54}},"7":{"start":{"line":21,"column":2},"end":{"line":47,"column":6}},"8":{"start":{"line":24,"column":6},"end":{"line":24,"column":54}},"9":{"start":{"line":29,"column":6},"end":{"line":35,"column":7}},"10":{"start":{"line":30,"column":8},"end":{"line":30,"column":21}},"11":{"start":{"line":31,"column":13},"end":{"line":35,"column":7}},"12":{"start":{"line":32,"column":8},"end":{"line":32,"column":20}},"13":{"start":{"line":34,"column":8},"end":{"line":34,"column":21}},"14":{"start":{"line":40,"column":6},"end":{"line":40,"column":39}},"15":{"start":{"line":45,"column":6},"end":{"line":45,"column":34}},"16":{"start":{"line":48,"column":2},"end":{"line":48,"column":19}},"17":{"start":{"line":51,"column":16},"end":{"line":51,"column":31}},"18":{"start":{"line":52,"column":15},"end":{"line":52,"column":24}},"19":{"start":{"line":53,"column":0},"end":{"line":53,"column":30}}},"fnMap":{"0":{"name":"(anonymous_0)","decl":{"start":{"line":16,"column":0},"end":{"line":16,"column":1}},"loc":{"start":{"line":16,"column":12},"end":{"line":49,"column":1}},"line":16},"1":{"name":"Validator","decl":{"start":{"line":17,"column":11},"end":{"line":17,"column":20}},"loc":{"start":{"line":17,"column":23},"end":{"line":19,"column":3}},"line":17},"2":{"name":"isValidEmail","decl":{"start":{"line":23,"column":20},"end":{"line":23,"column":32}},"loc":{"start":{"line":23,"column":40},"end":{"line":25,"column":5}},"line":23},"3":{"name":"isValidPassword","decl":{"start":{"line":28,"column":20},"end":{"line":28,"column":35}},"loc":{"start":{"line":28,"column":46},"end":{"line":36,"column":5}},"line":28},"4":{"name":"isValidName","decl":{"start":{"line":39,"column":20},"end":{"line":39,"column":31}},"loc":{"start":{"line":39,"column":38},"end":{"line":41,"column":5}},"line":39},"5":{"name":"isValidNumber","decl":{"start":{"line":44,"column":20},"end":{"line":44,"column":33}},"loc":{"start":{"line":44,"column":42},"end":{"line":46,"column":5}},"line":44}},"branchMap":{"0":{"loc":{"start":{"line":29,"column":6},"end":{"line":35,"column":7}},"type":"if","locations":[{"start":{"line":29,"column":6},"end":{"line":35,"column":7}},{"start":{"line":29,"column":6},"end":{"line":35,"column":7}}],"line":29},"1":{"loc":{"start":{"line":31,"column":13},"end":{"line":35,"column":7}},"type":"if","locations":[{"start":{"line":31,"column":13},"end":{"line":35,"column":7}},{"start":{"line":31,"column":13},"end":{"line":35,"column":7}}],"line":31}},"s":{"0":1,"1":1,"2":1,"3":1,"4":1,"5":1,"6":1,"7":1,"8":0,"9":0,"10":0,"11":0,"12":0,"13":0,"14":0,"15":0,"16":1,"17":1,"18":1,"19":1},"f":{"0":1,"1":1,"2":0,"3":0,"4":0,"5":0},"b":{"0":[0,0],"1":[0,0]},"inputSourceMap":{"version":3,"sources":["validator.js"],"names":["Validator","email","test","password","name","number","validator"],"mappings":";;;;;;;;;;;;;IAAMA,S;;;;;;;;;iCAEWC,K,EAAO;AAChB,aAAO,6BAA6BC,IAA7B,CAAkCD,KAAlC,CAAP;AACH;;;oCAEeE,Q,EAAU;AACtB,UAAI,KAAKD,IAAL,CAAUC,QAAV,CAAJ,EAAyB;AACrB,eAAO,KAAP;AACH,OAFD,MAEO,IAAI,sCAAsCD,IAAtC,CAA2CC,QAA3C,CAAJ,EAA0D;AAC7D,eAAO,IAAP;AACH,OAFM,MAEA;AACH,eAAO,KAAP;AACH;AACJ;;;gCAEWC,I,EAAK;AACb,aAAO,eAAeF,IAAf,CAAoBE,IAApB,CAAP;AACH;;;kCAEaC,M,EAAO;AACjB,aAAO,QAAQH,IAAR,CAAaG,MAAb,CAAP;AACH;;;;;AAGL,IAAMC,SAAS,GAAG,IAAIN,SAAJ,EAAlB;eACeM,S","sourceRoot":"C:\\Users\\Bella\\Desktop\\learn_PREN\\server\\helpers","sourcesContent":["class Validator {\r\n\r\n    isValidEmail(email) {\r\n        return /^[^\\s@]+@[^\\s@]+\\.[^\\s@]+$/.test(email);\r\n    }\r\n\r\n    isValidPassword(password) {\r\n        if (/\\s/.test(password)) {\r\n            return false;\r\n        } else if (/(?=.*\\d)(?=.*[a-z])(?=.*[A-Z]).{6,}/.test(password)) {\r\n            return true;\r\n        } else {\r\n            return false;\r\n        }\r\n    }\r\n\r\n    isValidName(name){\r\n        return /^[a-zA-Z ]+$/.test(name);\r\n    }\r\n\r\n    isValidNumber(number){\r\n        return /^\\d*$/.test(number);\r\n    }\r\n}\r\n\r\nconst validator = new Validator();\r\nexport default validator;"]},"_coverageSchema":"1a1c01bbd47fc00a2c39e90264f33305004495a9","hash":"6e6dec54853d86b14eaf9a729ed82b0f2f173827","contentHash":"e736edc4963e54bcfd6b45ed58bbe7ded698efb22207f3d1806ce8c8ef37587e"}}